{
  "stats": {
    "suites": 4,
    "tests": 98,
    "passes": 82,
    "pending": 3,
    "failures": 13,
    "start": "2023-04-03T21:07:10.950Z",
    "end": "2023-04-03T21:15:48.839Z",
    "duration": 517889,
    "testsRegistered": 99,
    "passPercent": 85.41666666666666,
    "pendingPercent": 3.0303030303030303,
    "other": 1,
    "hasOther": true,
    "skipped": 0,
    "hasSkipped": false
  },
  "results": [
    {
      "uuid": "4b538890-a8e3-4379-9eca-2b22da565632",
      "title": "",
      "fullFile": "cypress\\e2e\\daisi-app-test\\TestContainer\\test_connect_container.cy.js",
      "file": "cypress\\e2e\\daisi-app-test\\TestContainer\\test_connect_container.cy.js",
      "beforeHooks": [],
      "afterHooks": [],
      "tests": [],
      "suites": [
        {
          "uuid": "acbc277c-183e-446b-95f3-2cfaf3f2441f",
          "title": "Send '!ping' to each Container",
          "fullFile": "",
          "file": "",
          "beforeHooks": [],
          "afterHooks": [],
          "tests": [
            {
              "title": "02DWIDAY !ping",
              "fullTitle": "Send '!ping' to each Container 02DWIDAY !ping",
              "timedOut": null,
              "duration": 167,
              "state": "passed",
              "speed": "fast",
              "pass": true,
              "fail": false,
              "pending": false,
              "context": null,
              "code": "cy.request({\n  url: \"https://db.daisi.id/api/v1/wa/send\",\n  method: \"POST\",\n  headers: {\n    \"Content-Type\": \"application/json\",\n    token\n  },\n  body: {\n    sender: \"01COMP\",\n    phones: `${element.phone}`,\n    messages: [{\n      text: `!ping`\n    }]\n  }\n});",
              "err": {},
              "uuid": "9800ff48-7e06-4f50-953e-007499a28dcd",
              "parentUUID": "acbc277c-183e-446b-95f3-2cfaf3f2441f",
              "isHook": false,
              "skipped": false
            },
            {
              "title": "03DWIDAY !ping",
              "fullTitle": "Send '!ping' to each Container 03DWIDAY !ping",
              "timedOut": null,
              "duration": 89,
              "state": "passed",
              "speed": "fast",
              "pass": true,
              "fail": false,
              "pending": false,
              "context": null,
              "code": "cy.request({\n  url: \"https://db.daisi.id/api/v1/wa/send\",\n  method: \"POST\",\n  headers: {\n    \"Content-Type\": \"application/json\",\n    token\n  },\n  body: {\n    sender: \"01COMP\",\n    phones: `${element.phone}`,\n    messages: [{\n      text: `!ping`\n    }]\n  }\n});",
              "err": {},
              "uuid": "0cd4c309-ae08-4139-8c31-4d30cd8c89b2",
              "parentUUID": "acbc277c-183e-446b-95f3-2cfaf3f2441f",
              "isHook": false,
              "skipped": false
            },
            {
              "title": "04DWIDAY !ping",
              "fullTitle": "Send '!ping' to each Container 04DWIDAY !ping",
              "timedOut": null,
              "duration": 81,
              "state": "passed",
              "speed": "fast",
              "pass": true,
              "fail": false,
              "pending": false,
              "context": null,
              "code": "cy.request({\n  url: \"https://db.daisi.id/api/v1/wa/send\",\n  method: \"POST\",\n  headers: {\n    \"Content-Type\": \"application/json\",\n    token\n  },\n  body: {\n    sender: \"01COMP\",\n    phones: `${element.phone}`,\n    messages: [{\n      text: `!ping`\n    }]\n  }\n});",
              "err": {},
              "uuid": "69657a94-eae8-43c4-8b9a-ad433548a7f3",
              "parentUUID": "acbc277c-183e-446b-95f3-2cfaf3f2441f",
              "isHook": false,
              "skipped": false
            },
            {
              "title": "05DWIDAY !ping",
              "fullTitle": "Send '!ping' to each Container 05DWIDAY !ping",
              "timedOut": null,
              "duration": 81,
              "state": "passed",
              "speed": "fast",
              "pass": true,
              "fail": false,
              "pending": false,
              "context": null,
              "code": "cy.request({\n  url: \"https://db.daisi.id/api/v1/wa/send\",\n  method: \"POST\",\n  headers: {\n    \"Content-Type\": \"application/json\",\n    token\n  },\n  body: {\n    sender: \"01COMP\",\n    phones: `${element.phone}`,\n    messages: [{\n      text: `!ping`\n    }]\n  }\n});",
              "err": {},
              "uuid": "e281e73b-1e11-44bb-b2ff-e16c6f8d47ba",
              "parentUUID": "acbc277c-183e-446b-95f3-2cfaf3f2441f",
              "isHook": false,
              "skipped": false
            },
            {
              "title": "06DWIDAY !ping",
              "fullTitle": "Send '!ping' to each Container 06DWIDAY !ping",
              "timedOut": null,
              "duration": 82,
              "state": "passed",
              "speed": "fast",
              "pass": true,
              "fail": false,
              "pending": false,
              "context": null,
              "code": "cy.request({\n  url: \"https://db.daisi.id/api/v1/wa/send\",\n  method: \"POST\",\n  headers: {\n    \"Content-Type\": \"application/json\",\n    token\n  },\n  body: {\n    sender: \"01COMP\",\n    phones: `${element.phone}`,\n    messages: [{\n      text: `!ping`\n    }]\n  }\n});",
              "err": {},
              "uuid": "7040b56c-28f6-47fd-829d-e6af32040145",
              "parentUUID": "acbc277c-183e-446b-95f3-2cfaf3f2441f",
              "isHook": false,
              "skipped": false
            },
            {
              "title": "07DWIDAY !ping",
              "fullTitle": "Send '!ping' to each Container 07DWIDAY !ping",
              "timedOut": null,
              "duration": 79,
              "state": "passed",
              "speed": "fast",
              "pass": true,
              "fail": false,
              "pending": false,
              "context": null,
              "code": "cy.request({\n  url: \"https://db.daisi.id/api/v1/wa/send\",\n  method: \"POST\",\n  headers: {\n    \"Content-Type\": \"application/json\",\n    token\n  },\n  body: {\n    sender: \"01COMP\",\n    phones: `${element.phone}`,\n    messages: [{\n      text: `!ping`\n    }]\n  }\n});",
              "err": {},
              "uuid": "534bccf5-5ff3-40f5-b06b-78e7bd140f27",
              "parentUUID": "acbc277c-183e-446b-95f3-2cfaf3f2441f",
              "isHook": false,
              "skipped": false
            },
            {
              "title": "08DWIDAY !ping",
              "fullTitle": "Send '!ping' to each Container 08DWIDAY !ping",
              "timedOut": null,
              "duration": 78,
              "state": "passed",
              "speed": "fast",
              "pass": true,
              "fail": false,
              "pending": false,
              "context": null,
              "code": "cy.request({\n  url: \"https://db.daisi.id/api/v1/wa/send\",\n  method: \"POST\",\n  headers: {\n    \"Content-Type\": \"application/json\",\n    token\n  },\n  body: {\n    sender: \"01COMP\",\n    phones: `${element.phone}`,\n    messages: [{\n      text: `!ping`\n    }]\n  }\n});",
              "err": {},
              "uuid": "27cf422b-8e08-440f-a051-8c43af5d2c78",
              "parentUUID": "acbc277c-183e-446b-95f3-2cfaf3f2441f",
              "isHook": false,
              "skipped": false
            },
            {
              "title": "09DWIDAY !ping",
              "fullTitle": "Send '!ping' to each Container 09DWIDAY !ping",
              "timedOut": null,
              "duration": 101,
              "state": "passed",
              "speed": "fast",
              "pass": true,
              "fail": false,
              "pending": false,
              "context": null,
              "code": "cy.request({\n  url: \"https://db.daisi.id/api/v1/wa/send\",\n  method: \"POST\",\n  headers: {\n    \"Content-Type\": \"application/json\",\n    token\n  },\n  body: {\n    sender: \"01COMP\",\n    phones: `${element.phone}`,\n    messages: [{\n      text: `!ping`\n    }]\n  }\n});",
              "err": {},
              "uuid": "1709aaed-7ffe-442b-a9f2-1f322fdd02fe",
              "parentUUID": "acbc277c-183e-446b-95f3-2cfaf3f2441f",
              "isHook": false,
              "skipped": false
            },
            {
              "title": "11DWIDAY !ping",
              "fullTitle": "Send '!ping' to each Container 11DWIDAY !ping",
              "timedOut": null,
              "duration": 91,
              "state": "passed",
              "speed": "fast",
              "pass": true,
              "fail": false,
              "pending": false,
              "context": null,
              "code": "cy.request({\n  url: \"https://db.daisi.id/api/v1/wa/send\",\n  method: \"POST\",\n  headers: {\n    \"Content-Type\": \"application/json\",\n    token\n  },\n  body: {\n    sender: \"01COMP\",\n    phones: `${element.phone}`,\n    messages: [{\n      text: `!ping`\n    }]\n  }\n});",
              "err": {},
              "uuid": "01828f31-ba82-4a2f-a581-d62268d2ecc3",
              "parentUUID": "acbc277c-183e-446b-95f3-2cfaf3f2441f",
              "isHook": false,
              "skipped": false
            },
            {
              "title": "12DWIDAY !ping",
              "fullTitle": "Send '!ping' to each Container 12DWIDAY !ping",
              "timedOut": null,
              "duration": 79,
              "state": "passed",
              "speed": "fast",
              "pass": true,
              "fail": false,
              "pending": false,
              "context": null,
              "code": "cy.request({\n  url: \"https://db.daisi.id/api/v1/wa/send\",\n  method: \"POST\",\n  headers: {\n    \"Content-Type\": \"application/json\",\n    token\n  },\n  body: {\n    sender: \"01COMP\",\n    phones: `${element.phone}`,\n    messages: [{\n      text: `!ping`\n    }]\n  }\n});",
              "err": {},
              "uuid": "5d1dc70a-69f0-47fa-bbee-f76d5c0dcd57",
              "parentUUID": "acbc277c-183e-446b-95f3-2cfaf3f2441f",
              "isHook": false,
              "skipped": false
            },
            {
              "title": "13DWIDAY !ping",
              "fullTitle": "Send '!ping' to each Container 13DWIDAY !ping",
              "timedOut": null,
              "duration": 69,
              "state": "passed",
              "speed": "fast",
              "pass": true,
              "fail": false,
              "pending": false,
              "context": null,
              "code": "cy.request({\n  url: \"https://db.daisi.id/api/v1/wa/send\",\n  method: \"POST\",\n  headers: {\n    \"Content-Type\": \"application/json\",\n    token\n  },\n  body: {\n    sender: \"01COMP\",\n    phones: `${element.phone}`,\n    messages: [{\n      text: `!ping`\n    }]\n  }\n});",
              "err": {},
              "uuid": "1eeb9de7-56c6-4316-9ba5-795acc6fa1de",
              "parentUUID": "acbc277c-183e-446b-95f3-2cfaf3f2441f",
              "isHook": false,
              "skipped": false
            },
            {
              "title": "14DWIDAY !ping",
              "fullTitle": "Send '!ping' to each Container 14DWIDAY !ping",
              "timedOut": null,
              "duration": 78,
              "state": "passed",
              "speed": "fast",
              "pass": true,
              "fail": false,
              "pending": false,
              "context": null,
              "code": "cy.request({\n  url: \"https://db.daisi.id/api/v1/wa/send\",\n  method: \"POST\",\n  headers: {\n    \"Content-Type\": \"application/json\",\n    token\n  },\n  body: {\n    sender: \"01COMP\",\n    phones: `${element.phone}`,\n    messages: [{\n      text: `!ping`\n    }]\n  }\n});",
              "err": {},
              "uuid": "2567b9e2-ce16-4a3d-9769-e85b534f74bb",
              "parentUUID": "acbc277c-183e-446b-95f3-2cfaf3f2441f",
              "isHook": false,
              "skipped": false
            },
            {
              "title": "15DWIDAY !ping",
              "fullTitle": "Send '!ping' to each Container 15DWIDAY !ping",
              "timedOut": null,
              "duration": 89,
              "state": "passed",
              "speed": "fast",
              "pass": true,
              "fail": false,
              "pending": false,
              "context": null,
              "code": "cy.request({\n  url: \"https://db.daisi.id/api/v1/wa/send\",\n  method: \"POST\",\n  headers: {\n    \"Content-Type\": \"application/json\",\n    token\n  },\n  body: {\n    sender: \"01COMP\",\n    phones: `${element.phone}`,\n    messages: [{\n      text: `!ping`\n    }]\n  }\n});",
              "err": {},
              "uuid": "6f0896d5-1493-41a1-805d-7d5eb661938c",
              "parentUUID": "acbc277c-183e-446b-95f3-2cfaf3f2441f",
              "isHook": false,
              "skipped": false
            },
            {
              "title": "16DWIDAY !ping",
              "fullTitle": "Send '!ping' to each Container 16DWIDAY !ping",
              "timedOut": null,
              "duration": 78,
              "state": "passed",
              "speed": "fast",
              "pass": true,
              "fail": false,
              "pending": false,
              "context": null,
              "code": "cy.request({\n  url: \"https://db.daisi.id/api/v1/wa/send\",\n  method: \"POST\",\n  headers: {\n    \"Content-Type\": \"application/json\",\n    token\n  },\n  body: {\n    sender: \"01COMP\",\n    phones: `${element.phone}`,\n    messages: [{\n      text: `!ping`\n    }]\n  }\n});",
              "err": {},
              "uuid": "e1d5f5fa-f723-4cb8-9be3-d57780a91212",
              "parentUUID": "acbc277c-183e-446b-95f3-2cfaf3f2441f",
              "isHook": false,
              "skipped": false
            },
            {
              "title": "17DWIDAY !ping",
              "fullTitle": "Send '!ping' to each Container 17DWIDAY !ping",
              "timedOut": null,
              "duration": 93,
              "state": "passed",
              "speed": "fast",
              "pass": true,
              "fail": false,
              "pending": false,
              "context": null,
              "code": "cy.request({\n  url: \"https://db.daisi.id/api/v1/wa/send\",\n  method: \"POST\",\n  headers: {\n    \"Content-Type\": \"application/json\",\n    token\n  },\n  body: {\n    sender: \"01COMP\",\n    phones: `${element.phone}`,\n    messages: [{\n      text: `!ping`\n    }]\n  }\n});",
              "err": {},
              "uuid": "268a0776-ab77-4148-a1d8-cb0a701cca26",
              "parentUUID": "acbc277c-183e-446b-95f3-2cfaf3f2441f",
              "isHook": false,
              "skipped": false
            },
            {
              "title": "18DWIDAY !ping",
              "fullTitle": "Send '!ping' to each Container 18DWIDAY !ping",
              "timedOut": null,
              "duration": 70,
              "state": "passed",
              "speed": "fast",
              "pass": true,
              "fail": false,
              "pending": false,
              "context": null,
              "code": "cy.request({\n  url: \"https://db.daisi.id/api/v1/wa/send\",\n  method: \"POST\",\n  headers: {\n    \"Content-Type\": \"application/json\",\n    token\n  },\n  body: {\n    sender: \"01COMP\",\n    phones: `${element.phone}`,\n    messages: [{\n      text: `!ping`\n    }]\n  }\n});",
              "err": {},
              "uuid": "07247bc1-cc2e-4bf4-af85-6a744dc6b12b",
              "parentUUID": "acbc277c-183e-446b-95f3-2cfaf3f2441f",
              "isHook": false,
              "skipped": false
            },
            {
              "title": "19DWIDAY !ping",
              "fullTitle": "Send '!ping' to each Container 19DWIDAY !ping",
              "timedOut": null,
              "duration": 77,
              "state": "passed",
              "speed": "fast",
              "pass": true,
              "fail": false,
              "pending": false,
              "context": null,
              "code": "cy.request({\n  url: \"https://db.daisi.id/api/v1/wa/send\",\n  method: \"POST\",\n  headers: {\n    \"Content-Type\": \"application/json\",\n    token\n  },\n  body: {\n    sender: \"01COMP\",\n    phones: `${element.phone}`,\n    messages: [{\n      text: `!ping`\n    }]\n  }\n});",
              "err": {},
              "uuid": "6a560ee4-169a-49d7-9572-7d19bef49000",
              "parentUUID": "acbc277c-183e-446b-95f3-2cfaf3f2441f",
              "isHook": false,
              "skipped": false
            },
            {
              "title": "20DWIDAY !ping",
              "fullTitle": "Send '!ping' to each Container 20DWIDAY !ping",
              "timedOut": null,
              "duration": 72,
              "state": "passed",
              "speed": "fast",
              "pass": true,
              "fail": false,
              "pending": false,
              "context": null,
              "code": "cy.request({\n  url: \"https://db.daisi.id/api/v1/wa/send\",\n  method: \"POST\",\n  headers: {\n    \"Content-Type\": \"application/json\",\n    token\n  },\n  body: {\n    sender: \"01COMP\",\n    phones: `${element.phone}`,\n    messages: [{\n      text: `!ping`\n    }]\n  }\n});",
              "err": {},
              "uuid": "b13af9a0-2b08-471c-87aa-6f2a02040df7",
              "parentUUID": "acbc277c-183e-446b-95f3-2cfaf3f2441f",
              "isHook": false,
              "skipped": false
            },
            {
              "title": "21DWIDAY !ping",
              "fullTitle": "Send '!ping' to each Container 21DWIDAY !ping",
              "timedOut": null,
              "duration": 75,
              "state": "passed",
              "speed": "fast",
              "pass": true,
              "fail": false,
              "pending": false,
              "context": null,
              "code": "cy.request({\n  url: \"https://db.daisi.id/api/v1/wa/send\",\n  method: \"POST\",\n  headers: {\n    \"Content-Type\": \"application/json\",\n    token\n  },\n  body: {\n    sender: \"01COMP\",\n    phones: `${element.phone}`,\n    messages: [{\n      text: `!ping`\n    }]\n  }\n});",
              "err": {},
              "uuid": "2ba55ca0-5354-4ab9-8d85-a115082fd448",
              "parentUUID": "acbc277c-183e-446b-95f3-2cfaf3f2441f",
              "isHook": false,
              "skipped": false
            },
            {
              "title": "22DWIDAY !ping",
              "fullTitle": "Send '!ping' to each Container 22DWIDAY !ping",
              "timedOut": null,
              "duration": 75,
              "state": "passed",
              "speed": "fast",
              "pass": true,
              "fail": false,
              "pending": false,
              "context": null,
              "code": "cy.request({\n  url: \"https://db.daisi.id/api/v1/wa/send\",\n  method: \"POST\",\n  headers: {\n    \"Content-Type\": \"application/json\",\n    token\n  },\n  body: {\n    sender: \"01COMP\",\n    phones: `${element.phone}`,\n    messages: [{\n      text: `!ping`\n    }]\n  }\n});",
              "err": {},
              "uuid": "92035a18-090a-4851-be4b-b6a560e1b205",
              "parentUUID": "acbc277c-183e-446b-95f3-2cfaf3f2441f",
              "isHook": false,
              "skipped": false
            },
            {
              "title": "23DWIDAY !ping",
              "fullTitle": "Send '!ping' to each Container 23DWIDAY !ping",
              "timedOut": null,
              "duration": 78,
              "state": "passed",
              "speed": "fast",
              "pass": true,
              "fail": false,
              "pending": false,
              "context": null,
              "code": "cy.request({\n  url: \"https://db.daisi.id/api/v1/wa/send\",\n  method: \"POST\",\n  headers: {\n    \"Content-Type\": \"application/json\",\n    token\n  },\n  body: {\n    sender: \"01COMP\",\n    phones: `${element.phone}`,\n    messages: [{\n      text: `!ping`\n    }]\n  }\n});",
              "err": {},
              "uuid": "af489988-aadd-460d-ad29-75d4e0940965",
              "parentUUID": "acbc277c-183e-446b-95f3-2cfaf3f2441f",
              "isHook": false,
              "skipped": false
            },
            {
              "title": "24DWIDAY !ping",
              "fullTitle": "Send '!ping' to each Container 24DWIDAY !ping",
              "timedOut": null,
              "duration": 78,
              "state": "passed",
              "speed": "fast",
              "pass": true,
              "fail": false,
              "pending": false,
              "context": null,
              "code": "cy.request({\n  url: \"https://db.daisi.id/api/v1/wa/send\",\n  method: \"POST\",\n  headers: {\n    \"Content-Type\": \"application/json\",\n    token\n  },\n  body: {\n    sender: \"01COMP\",\n    phones: `${element.phone}`,\n    messages: [{\n      text: `!ping`\n    }]\n  }\n});",
              "err": {},
              "uuid": "f13adab3-d920-4986-8d08-98ce9f222710",
              "parentUUID": "acbc277c-183e-446b-95f3-2cfaf3f2441f",
              "isHook": false,
              "skipped": false
            },
            {
              "title": "26DWIDAY !ping",
              "fullTitle": "Send '!ping' to each Container 26DWIDAY !ping",
              "timedOut": null,
              "duration": 71,
              "state": "passed",
              "speed": "fast",
              "pass": true,
              "fail": false,
              "pending": false,
              "context": null,
              "code": "cy.request({\n  url: \"https://db.daisi.id/api/v1/wa/send\",\n  method: \"POST\",\n  headers: {\n    \"Content-Type\": \"application/json\",\n    token\n  },\n  body: {\n    sender: \"01COMP\",\n    phones: `${element.phone}`,\n    messages: [{\n      text: `!ping`\n    }]\n  }\n});",
              "err": {},
              "uuid": "5917de86-efb3-4fae-9ab9-05faae2d69fe",
              "parentUUID": "acbc277c-183e-446b-95f3-2cfaf3f2441f",
              "isHook": false,
              "skipped": false
            },
            {
              "title": "27DWIDAY !ping",
              "fullTitle": "Send '!ping' to each Container 27DWIDAY !ping",
              "timedOut": null,
              "duration": 87,
              "state": "passed",
              "speed": "fast",
              "pass": true,
              "fail": false,
              "pending": false,
              "context": null,
              "code": "cy.request({\n  url: \"https://db.daisi.id/api/v1/wa/send\",\n  method: \"POST\",\n  headers: {\n    \"Content-Type\": \"application/json\",\n    token\n  },\n  body: {\n    sender: \"01COMP\",\n    phones: `${element.phone}`,\n    messages: [{\n      text: `!ping`\n    }]\n  }\n});",
              "err": {},
              "uuid": "f3bc3727-7653-4146-ae49-fd01e272e4cc",
              "parentUUID": "acbc277c-183e-446b-95f3-2cfaf3f2441f",
              "isHook": false,
              "skipped": false
            },
            {
              "title": "28DWIDAY !ping",
              "fullTitle": "Send '!ping' to each Container 28DWIDAY !ping",
              "timedOut": null,
              "duration": 89,
              "state": "passed",
              "speed": "fast",
              "pass": true,
              "fail": false,
              "pending": false,
              "context": null,
              "code": "cy.request({\n  url: \"https://db.daisi.id/api/v1/wa/send\",\n  method: \"POST\",\n  headers: {\n    \"Content-Type\": \"application/json\",\n    token\n  },\n  body: {\n    sender: \"01COMP\",\n    phones: `${element.phone}`,\n    messages: [{\n      text: `!ping`\n    }]\n  }\n});",
              "err": {},
              "uuid": "379b829b-9699-440d-a614-cc8bded1a25e",
              "parentUUID": "acbc277c-183e-446b-95f3-2cfaf3f2441f",
              "isHook": false,
              "skipped": false
            },
            {
              "title": "29DWIDAY !ping",
              "fullTitle": "Send '!ping' to each Container 29DWIDAY !ping",
              "timedOut": null,
              "duration": 94,
              "state": "passed",
              "speed": "fast",
              "pass": true,
              "fail": false,
              "pending": false,
              "context": null,
              "code": "cy.request({\n  url: \"https://db.daisi.id/api/v1/wa/send\",\n  method: \"POST\",\n  headers: {\n    \"Content-Type\": \"application/json\",\n    token\n  },\n  body: {\n    sender: \"01COMP\",\n    phones: `${element.phone}`,\n    messages: [{\n      text: `!ping`\n    }]\n  }\n});",
              "err": {},
              "uuid": "693d2085-e43c-4194-b82c-53a6eb49947f",
              "parentUUID": "acbc277c-183e-446b-95f3-2cfaf3f2441f",
              "isHook": false,
              "skipped": false
            },
            {
              "title": "30DWIDAY !ping",
              "fullTitle": "Send '!ping' to each Container 30DWIDAY !ping",
              "timedOut": null,
              "duration": 92,
              "state": "passed",
              "speed": "fast",
              "pass": true,
              "fail": false,
              "pending": false,
              "context": null,
              "code": "cy.request({\n  url: \"https://db.daisi.id/api/v1/wa/send\",\n  method: \"POST\",\n  headers: {\n    \"Content-Type\": \"application/json\",\n    token\n  },\n  body: {\n    sender: \"01COMP\",\n    phones: `${element.phone}`,\n    messages: [{\n      text: `!ping`\n    }]\n  }\n});",
              "err": {},
              "uuid": "fd1a4689-f49a-4852-ac88-8ca88495e3e3",
              "parentUUID": "acbc277c-183e-446b-95f3-2cfaf3f2441f",
              "isHook": false,
              "skipped": false
            },
            {
              "title": "31DWIDAY !ping",
              "fullTitle": "Send '!ping' to each Container 31DWIDAY !ping",
              "timedOut": null,
              "duration": 76,
              "state": "passed",
              "speed": "fast",
              "pass": true,
              "fail": false,
              "pending": false,
              "context": null,
              "code": "cy.request({\n  url: \"https://db.daisi.id/api/v1/wa/send\",\n  method: \"POST\",\n  headers: {\n    \"Content-Type\": \"application/json\",\n    token\n  },\n  body: {\n    sender: \"01COMP\",\n    phones: `${element.phone}`,\n    messages: [{\n      text: `!ping`\n    }]\n  }\n});",
              "err": {},
              "uuid": "76107ef2-e79b-488e-8d1a-8c85dd7d4e2a",
              "parentUUID": "acbc277c-183e-446b-95f3-2cfaf3f2441f",
              "isHook": false,
              "skipped": false
            },
            {
              "title": "32DWIDAY !ping",
              "fullTitle": "Send '!ping' to each Container 32DWIDAY !ping",
              "timedOut": null,
              "duration": 83,
              "state": "passed",
              "speed": "fast",
              "pass": true,
              "fail": false,
              "pending": false,
              "context": null,
              "code": "cy.request({\n  url: \"https://db.daisi.id/api/v1/wa/send\",\n  method: \"POST\",\n  headers: {\n    \"Content-Type\": \"application/json\",\n    token\n  },\n  body: {\n    sender: \"01COMP\",\n    phones: `${element.phone}`,\n    messages: [{\n      text: `!ping`\n    }]\n  }\n});",
              "err": {},
              "uuid": "1745a37b-1413-4e49-adfe-3144880f56f4",
              "parentUUID": "acbc277c-183e-446b-95f3-2cfaf3f2441f",
              "isHook": false,
              "skipped": false
            },
            {
              "title": "33DWIDAY !ping",
              "fullTitle": "Send '!ping' to each Container 33DWIDAY !ping",
              "timedOut": null,
              "duration": 77,
              "state": "passed",
              "speed": "fast",
              "pass": true,
              "fail": false,
              "pending": false,
              "context": null,
              "code": "cy.request({\n  url: \"https://db.daisi.id/api/v1/wa/send\",\n  method: \"POST\",\n  headers: {\n    \"Content-Type\": \"application/json\",\n    token\n  },\n  body: {\n    sender: \"01COMP\",\n    phones: `${element.phone}`,\n    messages: [{\n      text: `!ping`\n    }]\n  }\n});",
              "err": {},
              "uuid": "ec27e912-fef9-42e4-b28b-5a910dd34d51",
              "parentUUID": "acbc277c-183e-446b-95f3-2cfaf3f2441f",
              "isHook": false,
              "skipped": false
            },
            {
              "title": "34DWIDAY !ping",
              "fullTitle": "Send '!ping' to each Container 34DWIDAY !ping",
              "timedOut": null,
              "duration": 76,
              "state": "passed",
              "speed": "fast",
              "pass": true,
              "fail": false,
              "pending": false,
              "context": null,
              "code": "cy.request({\n  url: \"https://db.daisi.id/api/v1/wa/send\",\n  method: \"POST\",\n  headers: {\n    \"Content-Type\": \"application/json\",\n    token\n  },\n  body: {\n    sender: \"01COMP\",\n    phones: `${element.phone}`,\n    messages: [{\n      text: `!ping`\n    }]\n  }\n});",
              "err": {},
              "uuid": "ed477773-5ec9-4294-9f35-a0bec2a470f7",
              "parentUUID": "acbc277c-183e-446b-95f3-2cfaf3f2441f",
              "isHook": false,
              "skipped": false
            },
            {
              "title": "35DWIDAY !ping",
              "fullTitle": "Send '!ping' to each Container 35DWIDAY !ping",
              "timedOut": null,
              "duration": 97,
              "state": "passed",
              "speed": "fast",
              "pass": true,
              "fail": false,
              "pending": false,
              "context": null,
              "code": "cy.request({\n  url: \"https://db.daisi.id/api/v1/wa/send\",\n  method: \"POST\",\n  headers: {\n    \"Content-Type\": \"application/json\",\n    token\n  },\n  body: {\n    sender: \"01COMP\",\n    phones: `${element.phone}`,\n    messages: [{\n      text: `!ping`\n    }]\n  }\n});",
              "err": {},
              "uuid": "2e1a4e55-1e8a-4a3a-8323-35d6fc90dded",
              "parentUUID": "acbc277c-183e-446b-95f3-2cfaf3f2441f",
              "isHook": false,
              "skipped": false
            },
            {
              "title": "36DWIDAY !ping",
              "fullTitle": "Send '!ping' to each Container 36DWIDAY !ping",
              "timedOut": null,
              "duration": 100,
              "state": "passed",
              "speed": "fast",
              "pass": true,
              "fail": false,
              "pending": false,
              "context": null,
              "code": "cy.request({\n  url: \"https://db.daisi.id/api/v1/wa/send\",\n  method: \"POST\",\n  headers: {\n    \"Content-Type\": \"application/json\",\n    token\n  },\n  body: {\n    sender: \"01COMP\",\n    phones: `${element.phone}`,\n    messages: [{\n      text: `!ping`\n    }]\n  }\n});",
              "err": {},
              "uuid": "10d42238-2001-458a-b1db-1bd085e22d87",
              "parentUUID": "acbc277c-183e-446b-95f3-2cfaf3f2441f",
              "isHook": false,
              "skipped": false
            },
            {
              "title": "37DWIDAY !ping",
              "fullTitle": "Send '!ping' to each Container 37DWIDAY !ping",
              "timedOut": null,
              "duration": 86,
              "state": "passed",
              "speed": "fast",
              "pass": true,
              "fail": false,
              "pending": false,
              "context": null,
              "code": "cy.request({\n  url: \"https://db.daisi.id/api/v1/wa/send\",\n  method: \"POST\",\n  headers: {\n    \"Content-Type\": \"application/json\",\n    token\n  },\n  body: {\n    sender: \"01COMP\",\n    phones: `${element.phone}`,\n    messages: [{\n      text: `!ping`\n    }]\n  }\n});",
              "err": {},
              "uuid": "85522567-caf3-4e59-baa8-7e415eec10ea",
              "parentUUID": "acbc277c-183e-446b-95f3-2cfaf3f2441f",
              "isHook": false,
              "skipped": false
            },
            {
              "title": "38DWIDAY !ping",
              "fullTitle": "Send '!ping' to each Container 38DWIDAY !ping",
              "timedOut": null,
              "duration": 74,
              "state": "passed",
              "speed": "fast",
              "pass": true,
              "fail": false,
              "pending": false,
              "context": null,
              "code": "cy.request({\n  url: \"https://db.daisi.id/api/v1/wa/send\",\n  method: \"POST\",\n  headers: {\n    \"Content-Type\": \"application/json\",\n    token\n  },\n  body: {\n    sender: \"01COMP\",\n    phones: `${element.phone}`,\n    messages: [{\n      text: `!ping`\n    }]\n  }\n});",
              "err": {},
              "uuid": "034be7a8-94df-4953-ab2d-528f2ea184e0",
              "parentUUID": "acbc277c-183e-446b-95f3-2cfaf3f2441f",
              "isHook": false,
              "skipped": false
            },
            {
              "title": "39DWIDAY !ping",
              "fullTitle": "Send '!ping' to each Container 39DWIDAY !ping",
              "timedOut": null,
              "duration": 81,
              "state": "passed",
              "speed": "fast",
              "pass": true,
              "fail": false,
              "pending": false,
              "context": null,
              "code": "cy.request({\n  url: \"https://db.daisi.id/api/v1/wa/send\",\n  method: \"POST\",\n  headers: {\n    \"Content-Type\": \"application/json\",\n    token\n  },\n  body: {\n    sender: \"01COMP\",\n    phones: `${element.phone}`,\n    messages: [{\n      text: `!ping`\n    }]\n  }\n});",
              "err": {},
              "uuid": "c2d5a68e-fafb-4376-be09-5c324be51cfa",
              "parentUUID": "acbc277c-183e-446b-95f3-2cfaf3f2441f",
              "isHook": false,
              "skipped": false
            },
            {
              "title": "40DWIDAY !ping",
              "fullTitle": "Send '!ping' to each Container 40DWIDAY !ping",
              "timedOut": null,
              "duration": 84,
              "state": "passed",
              "speed": "fast",
              "pass": true,
              "fail": false,
              "pending": false,
              "context": null,
              "code": "cy.request({\n  url: \"https://db.daisi.id/api/v1/wa/send\",\n  method: \"POST\",\n  headers: {\n    \"Content-Type\": \"application/json\",\n    token\n  },\n  body: {\n    sender: \"01COMP\",\n    phones: `${element.phone}`,\n    messages: [{\n      text: `!ping`\n    }]\n  }\n});",
              "err": {},
              "uuid": "77ceee18-7ad2-40cd-afc3-c24ff26e43ab",
              "parentUUID": "acbc277c-183e-446b-95f3-2cfaf3f2441f",
              "isHook": false,
              "skipped": false
            },
            {
              "title": "41DWIDAY !ping",
              "fullTitle": "Send '!ping' to each Container 41DWIDAY !ping",
              "timedOut": null,
              "duration": 83,
              "state": "passed",
              "speed": "fast",
              "pass": true,
              "fail": false,
              "pending": false,
              "context": null,
              "code": "cy.request({\n  url: \"https://db.daisi.id/api/v1/wa/send\",\n  method: \"POST\",\n  headers: {\n    \"Content-Type\": \"application/json\",\n    token\n  },\n  body: {\n    sender: \"01COMP\",\n    phones: `${element.phone}`,\n    messages: [{\n      text: `!ping`\n    }]\n  }\n});",
              "err": {},
              "uuid": "c21cd414-592c-4f8e-bc6f-a58098bbdd78",
              "parentUUID": "acbc277c-183e-446b-95f3-2cfaf3f2441f",
              "isHook": false,
              "skipped": false
            },
            {
              "title": "42DWIDAY !ping",
              "fullTitle": "Send '!ping' to each Container 42DWIDAY !ping",
              "timedOut": null,
              "duration": 102,
              "state": "passed",
              "speed": "fast",
              "pass": true,
              "fail": false,
              "pending": false,
              "context": null,
              "code": "cy.request({\n  url: \"https://db.daisi.id/api/v1/wa/send\",\n  method: \"POST\",\n  headers: {\n    \"Content-Type\": \"application/json\",\n    token\n  },\n  body: {\n    sender: \"01COMP\",\n    phones: `${element.phone}`,\n    messages: [{\n      text: `!ping`\n    }]\n  }\n});",
              "err": {},
              "uuid": "126af74b-4cb4-4037-8e3a-d3fd285b6c75",
              "parentUUID": "acbc277c-183e-446b-95f3-2cfaf3f2441f",
              "isHook": false,
              "skipped": false
            },
            {
              "title": "43DWIDAY !ping",
              "fullTitle": "Send '!ping' to each Container 43DWIDAY !ping",
              "timedOut": null,
              "duration": 81,
              "state": "passed",
              "speed": "fast",
              "pass": true,
              "fail": false,
              "pending": false,
              "context": null,
              "code": "cy.request({\n  url: \"https://db.daisi.id/api/v1/wa/send\",\n  method: \"POST\",\n  headers: {\n    \"Content-Type\": \"application/json\",\n    token\n  },\n  body: {\n    sender: \"01COMP\",\n    phones: `${element.phone}`,\n    messages: [{\n      text: `!ping`\n    }]\n  }\n});",
              "err": {},
              "uuid": "e64e6859-f6bb-4bd6-b561-3da188f36a22",
              "parentUUID": "acbc277c-183e-446b-95f3-2cfaf3f2441f",
              "isHook": false,
              "skipped": false
            },
            {
              "title": "44DWIDAY !ping",
              "fullTitle": "Send '!ping' to each Container 44DWIDAY !ping",
              "timedOut": null,
              "duration": 87,
              "state": "passed",
              "speed": "fast",
              "pass": true,
              "fail": false,
              "pending": false,
              "context": null,
              "code": "cy.request({\n  url: \"https://db.daisi.id/api/v1/wa/send\",\n  method: \"POST\",\n  headers: {\n    \"Content-Type\": \"application/json\",\n    token\n  },\n  body: {\n    sender: \"01COMP\",\n    phones: `${element.phone}`,\n    messages: [{\n      text: `!ping`\n    }]\n  }\n});",
              "err": {},
              "uuid": "a68174fa-307e-4076-8620-4c5f5fb9375c",
              "parentUUID": "acbc277c-183e-446b-95f3-2cfaf3f2441f",
              "isHook": false,
              "skipped": false
            },
            {
              "title": "45DWIDAY !ping",
              "fullTitle": "Send '!ping' to each Container 45DWIDAY !ping",
              "timedOut": null,
              "duration": 68,
              "state": "passed",
              "speed": "fast",
              "pass": true,
              "fail": false,
              "pending": false,
              "context": null,
              "code": "cy.request({\n  url: \"https://db.daisi.id/api/v1/wa/send\",\n  method: \"POST\",\n  headers: {\n    \"Content-Type\": \"application/json\",\n    token\n  },\n  body: {\n    sender: \"01COMP\",\n    phones: `${element.phone}`,\n    messages: [{\n      text: `!ping`\n    }]\n  }\n});",
              "err": {},
              "uuid": "03f49d3d-de2f-4e98-9998-250b0524c054",
              "parentUUID": "acbc277c-183e-446b-95f3-2cfaf3f2441f",
              "isHook": false,
              "skipped": false
            },
            {
              "title": "46DWIDAY !ping",
              "fullTitle": "Send '!ping' to each Container 46DWIDAY !ping",
              "timedOut": null,
              "duration": 69,
              "state": "passed",
              "speed": "fast",
              "pass": true,
              "fail": false,
              "pending": false,
              "context": null,
              "code": "cy.request({\n  url: \"https://db.daisi.id/api/v1/wa/send\",\n  method: \"POST\",\n  headers: {\n    \"Content-Type\": \"application/json\",\n    token\n  },\n  body: {\n    sender: \"01COMP\",\n    phones: `${element.phone}`,\n    messages: [{\n      text: `!ping`\n    }]\n  }\n});",
              "err": {},
              "uuid": "097b3ea1-d329-4c12-afd6-2f05c97d5204",
              "parentUUID": "acbc277c-183e-446b-95f3-2cfaf3f2441f",
              "isHook": false,
              "skipped": false
            },
            {
              "title": "47DWIDAY !ping",
              "fullTitle": "Send '!ping' to each Container 47DWIDAY !ping",
              "timedOut": null,
              "duration": 66,
              "state": "passed",
              "speed": "fast",
              "pass": true,
              "fail": false,
              "pending": false,
              "context": null,
              "code": "cy.request({\n  url: \"https://db.daisi.id/api/v1/wa/send\",\n  method: \"POST\",\n  headers: {\n    \"Content-Type\": \"application/json\",\n    token\n  },\n  body: {\n    sender: \"01COMP\",\n    phones: `${element.phone}`,\n    messages: [{\n      text: `!ping`\n    }]\n  }\n});",
              "err": {},
              "uuid": "dee72e3e-82e8-485c-b8f2-7bc2dbb64262",
              "parentUUID": "acbc277c-183e-446b-95f3-2cfaf3f2441f",
              "isHook": false,
              "skipped": false
            },
            {
              "title": "48DWIDAY !ping",
              "fullTitle": "Send '!ping' to each Container 48DWIDAY !ping",
              "timedOut": null,
              "duration": 70,
              "state": "passed",
              "speed": "fast",
              "pass": true,
              "fail": false,
              "pending": false,
              "context": null,
              "code": "cy.request({\n  url: \"https://db.daisi.id/api/v1/wa/send\",\n  method: \"POST\",\n  headers: {\n    \"Content-Type\": \"application/json\",\n    token\n  },\n  body: {\n    sender: \"01COMP\",\n    phones: `${element.phone}`,\n    messages: [{\n      text: `!ping`\n    }]\n  }\n});",
              "err": {},
              "uuid": "afd70a7d-c3e2-4666-be45-79890d814816",
              "parentUUID": "acbc277c-183e-446b-95f3-2cfaf3f2441f",
              "isHook": false,
              "skipped": false
            },
            {
              "title": "49DWIDAY !ping",
              "fullTitle": "Send '!ping' to each Container 49DWIDAY !ping",
              "timedOut": null,
              "duration": 66,
              "state": "passed",
              "speed": "fast",
              "pass": true,
              "fail": false,
              "pending": false,
              "context": null,
              "code": "cy.request({\n  url: \"https://db.daisi.id/api/v1/wa/send\",\n  method: \"POST\",\n  headers: {\n    \"Content-Type\": \"application/json\",\n    token\n  },\n  body: {\n    sender: \"01COMP\",\n    phones: `${element.phone}`,\n    messages: [{\n      text: `!ping`\n    }]\n  }\n});",
              "err": {},
              "uuid": "3bf1da01-2c58-4ad0-a4f6-2709f31a01f1",
              "parentUUID": "acbc277c-183e-446b-95f3-2cfaf3f2441f",
              "isHook": false,
              "skipped": false
            },
            {
              "title": "50DWIDAY !ping",
              "fullTitle": "Send '!ping' to each Container 50DWIDAY !ping",
              "timedOut": null,
              "duration": 82,
              "state": "passed",
              "speed": "fast",
              "pass": true,
              "fail": false,
              "pending": false,
              "context": null,
              "code": "cy.request({\n  url: \"https://db.daisi.id/api/v1/wa/send\",\n  method: \"POST\",\n  headers: {\n    \"Content-Type\": \"application/json\",\n    token\n  },\n  body: {\n    sender: \"01COMP\",\n    phones: `${element.phone}`,\n    messages: [{\n      text: `!ping`\n    }]\n  }\n});",
              "err": {},
              "uuid": "343a0506-58e9-460d-9e30-9a86780177a7",
              "parentUUID": "acbc277c-183e-446b-95f3-2cfaf3f2441f",
              "isHook": false,
              "skipped": false
            },
            {
              "title": "51DWIDAY !ping",
              "fullTitle": "Send '!ping' to each Container 51DWIDAY !ping",
              "timedOut": null,
              "duration": 77,
              "state": "passed",
              "speed": "fast",
              "pass": true,
              "fail": false,
              "pending": false,
              "context": null,
              "code": "cy.request({\n  url: \"https://db.daisi.id/api/v1/wa/send\",\n  method: \"POST\",\n  headers: {\n    \"Content-Type\": \"application/json\",\n    token\n  },\n  body: {\n    sender: \"01COMP\",\n    phones: `${element.phone}`,\n    messages: [{\n      text: `!ping`\n    }]\n  }\n});",
              "err": {},
              "uuid": "038037cb-62a1-42bb-a032-baa1a1361adc",
              "parentUUID": "acbc277c-183e-446b-95f3-2cfaf3f2441f",
              "isHook": false,
              "skipped": false
            }
          ],
          "suites": [],
          "passes": [
            "9800ff48-7e06-4f50-953e-007499a28dcd",
            "0cd4c309-ae08-4139-8c31-4d30cd8c89b2",
            "69657a94-eae8-43c4-8b9a-ad433548a7f3",
            "e281e73b-1e11-44bb-b2ff-e16c6f8d47ba",
            "7040b56c-28f6-47fd-829d-e6af32040145",
            "534bccf5-5ff3-40f5-b06b-78e7bd140f27",
            "27cf422b-8e08-440f-a051-8c43af5d2c78",
            "1709aaed-7ffe-442b-a9f2-1f322fdd02fe",
            "01828f31-ba82-4a2f-a581-d62268d2ecc3",
            "5d1dc70a-69f0-47fa-bbee-f76d5c0dcd57",
            "1eeb9de7-56c6-4316-9ba5-795acc6fa1de",
            "2567b9e2-ce16-4a3d-9769-e85b534f74bb",
            "6f0896d5-1493-41a1-805d-7d5eb661938c",
            "e1d5f5fa-f723-4cb8-9be3-d57780a91212",
            "268a0776-ab77-4148-a1d8-cb0a701cca26",
            "07247bc1-cc2e-4bf4-af85-6a744dc6b12b",
            "6a560ee4-169a-49d7-9572-7d19bef49000",
            "b13af9a0-2b08-471c-87aa-6f2a02040df7",
            "2ba55ca0-5354-4ab9-8d85-a115082fd448",
            "92035a18-090a-4851-be4b-b6a560e1b205",
            "af489988-aadd-460d-ad29-75d4e0940965",
            "f13adab3-d920-4986-8d08-98ce9f222710",
            "5917de86-efb3-4fae-9ab9-05faae2d69fe",
            "f3bc3727-7653-4146-ae49-fd01e272e4cc",
            "379b829b-9699-440d-a614-cc8bded1a25e",
            "693d2085-e43c-4194-b82c-53a6eb49947f",
            "fd1a4689-f49a-4852-ac88-8ca88495e3e3",
            "76107ef2-e79b-488e-8d1a-8c85dd7d4e2a",
            "1745a37b-1413-4e49-adfe-3144880f56f4",
            "ec27e912-fef9-42e4-b28b-5a910dd34d51",
            "ed477773-5ec9-4294-9f35-a0bec2a470f7",
            "2e1a4e55-1e8a-4a3a-8323-35d6fc90dded",
            "10d42238-2001-458a-b1db-1bd085e22d87",
            "85522567-caf3-4e59-baa8-7e415eec10ea",
            "034be7a8-94df-4953-ab2d-528f2ea184e0",
            "c2d5a68e-fafb-4376-be09-5c324be51cfa",
            "77ceee18-7ad2-40cd-afc3-c24ff26e43ab",
            "c21cd414-592c-4f8e-bc6f-a58098bbdd78",
            "126af74b-4cb4-4037-8e3a-d3fd285b6c75",
            "e64e6859-f6bb-4bd6-b561-3da188f36a22",
            "a68174fa-307e-4076-8620-4c5f5fb9375c",
            "03f49d3d-de2f-4e98-9998-250b0524c054",
            "097b3ea1-d329-4c12-afd6-2f05c97d5204",
            "dee72e3e-82e8-485c-b8f2-7bc2dbb64262",
            "afd70a7d-c3e2-4666-be45-79890d814816",
            "3bf1da01-2c58-4ad0-a4f6-2709f31a01f1",
            "343a0506-58e9-460d-9e30-9a86780177a7",
            "038037cb-62a1-42bb-a032-baa1a1361adc"
          ],
          "failures": [],
          "pending": [],
          "skipped": [],
          "duration": 3978,
          "root": false,
          "rootEmpty": false,
          "_timeout": 2000
        },
        {
          "uuid": "4e9093b9-84c4-47be-9c9f-d2ec06b586ef",
          "title": "Send '!ping' to each Container",
          "fullFile": "",
          "file": "",
          "beforeHooks": [],
          "afterHooks": [],
          "tests": [
            {
              "title": "IES !ping",
              "fullTitle": "Send '!ping' to each Container IES !ping",
              "timedOut": null,
              "duration": 0,
              "state": "pending",
              "speed": null,
              "pass": false,
              "fail": false,
              "pending": true,
              "context": null,
              "code": "cy.request({\n  url: \"https://db.daisi.id/api/v1/wa/send\",\n  method: \"POST\",\n  headers: {\n    \"Content-Type\": \"application/json\",\n    token\n  },\n  body: {\n    sender: \"01COMP\",\n    phones: `${element.phone}`,\n    messages: [{\n      text: `!ping`\n    }]\n  }\n});",
              "err": {},
              "uuid": "d64fc524-847f-4cf2-a260-cbe2c45a47f8",
              "parentUUID": "4e9093b9-84c4-47be-9c9f-d2ec06b586ef",
              "isHook": false,
              "skipped": false
            },
            {
              "title": "IESK !ping",
              "fullTitle": "Send '!ping' to each Container IESK !ping",
              "timedOut": null,
              "duration": 0,
              "state": "pending",
              "speed": null,
              "pass": false,
              "fail": false,
              "pending": true,
              "context": null,
              "code": "cy.request({\n  url: \"https://db.daisi.id/api/v1/wa/send\",\n  method: \"POST\",\n  headers: {\n    \"Content-Type\": \"application/json\",\n    token\n  },\n  body: {\n    sender: \"01COMP\",\n    phones: `${element.phone}`,\n    messages: [{\n      text: `!ping`\n    }]\n  }\n});",
              "err": {},
              "uuid": "e09c6bf6-d6c5-4ebc-b3f3-f24643cb71ba",
              "parentUUID": "4e9093b9-84c4-47be-9c9f-d2ec06b586ef",
              "isHook": false,
              "skipped": false
            }
          ],
          "suites": [],
          "passes": [],
          "failures": [],
          "pending": [
            "d64fc524-847f-4cf2-a260-cbe2c45a47f8",
            "e09c6bf6-d6c5-4ebc-b3f3-f24643cb71ba"
          ],
          "skipped": [],
          "duration": 0,
          "root": false,
          "rootEmpty": false,
          "_timeout": 2000
        },
        {
          "uuid": "e0ac92d6-e294-421e-9b6d-3e41fdf8bc7d",
          "title": "Send '!ping' to each Container",
          "fullFile": "",
          "file": "",
          "beforeHooks": [],
          "afterHooks": [],
          "tests": [
            {
              "title": "GALILEO !ping",
              "fullTitle": "Send '!ping' to each Container GALILEO !ping",
              "timedOut": null,
              "duration": 0,
              "state": "pending",
              "speed": null,
              "pass": false,
              "fail": false,
              "pending": true,
              "context": null,
              "code": "cy.request({\n  url: \"https://db.daisi.id/api/v1/wa/send\",\n  method: \"POST\",\n  headers: {\n    \"Content-Type\": \"application/json\",\n    token\n  },\n  body: {\n    sender: \"01COMP\",\n    phones: `${element.phone}`,\n    messages: [{\n      text: `!ping`\n    }]\n  }\n});",
              "err": {},
              "uuid": "da8c9e2a-60c6-48dd-b606-ec0b49bccb35",
              "parentUUID": "e0ac92d6-e294-421e-9b6d-3e41fdf8bc7d",
              "isHook": false,
              "skipped": false
            }
          ],
          "suites": [],
          "passes": [],
          "failures": [],
          "pending": [
            "da8c9e2a-60c6-48dd-b606-ec0b49bccb35"
          ],
          "skipped": [],
          "duration": 0,
          "root": false,
          "rootEmpty": false,
          "_timeout": 2000
        },
        {
          "uuid": "9232b7f7-06bf-4c67-b343-09a93c0ffbad",
          "title": "Check Container Connect",
          "fullFile": "",
          "file": "",
          "beforeHooks": [],
          "afterHooks": [],
          "tests": [
            {
              "title": "2DWIDAY",
              "fullTitle": "Check Container Connect 2DWIDAY",
              "timedOut": null,
              "duration": 13080,
              "state": "passed",
              "speed": "slow",
              "pass": true,
              "fail": false,
              "pending": false,
              "context": null,
              "code": "cy.visit(\"https://chat.daisi.app\");\ncy.get(\"#input-email-for-credentials-provider\").type(el.email);\ncy.get(\"#input-password-for-credentials-provider\").type(el.password);\ncy.get(\"button\").click().url().should(\"include\", \"/\");\nif (cy.contains(\".text-lg\", \"Connected\", {\n  timeout: 60000\n})) it(\"connect\");else it(\"disconnect\");\ncy.get(\".box.cursor-pointer.relative.flex.justify-between.items-center.px-3.py-3.mt-2.z-0\").first().click();\ncy.wait(3000);\ncy.get(\".px-1.py-1.mb-1.self-start.text-gray-900.break-words.whitespace-pre-wrap\", {\n  timeout: 3000\n}).should(\"contain\", \"pong\");\ncy.wait(2000);",
              "err": {},
              "uuid": "c454fdd3-2df3-492b-a36d-00c7cecd775a",
              "parentUUID": "9232b7f7-06bf-4c67-b343-09a93c0ffbad",
              "isHook": false,
              "skipped": false
            },
            {
              "title": "3DWIDAY",
              "fullTitle": "Check Container Connect 3DWIDAY",
              "timedOut": null,
              "duration": 10237,
              "state": "passed",
              "speed": "slow",
              "pass": true,
              "fail": false,
              "pending": false,
              "context": null,
              "code": "cy.visit(\"https://chat.daisi.app\");\ncy.get(\"#input-email-for-credentials-provider\").type(el.email);\ncy.get(\"#input-password-for-credentials-provider\").type(el.password);\ncy.get(\"button\").click().url().should(\"include\", \"/\");\nif (cy.contains(\".text-lg\", \"Connected\", {\n  timeout: 60000\n})) it(\"connect\");else it(\"disconnect\");\ncy.get(\".box.cursor-pointer.relative.flex.justify-between.items-center.px-3.py-3.mt-2.z-0\").first().click();\ncy.wait(3000);\ncy.get(\".px-1.py-1.mb-1.self-start.text-gray-900.break-words.whitespace-pre-wrap\", {\n  timeout: 3000\n}).should(\"contain\", \"pong\");\ncy.wait(2000);",
              "err": {},
              "uuid": "70229202-e7a9-4a57-99c5-4573fbd108e3",
              "parentUUID": "9232b7f7-06bf-4c67-b343-09a93c0ffbad",
              "isHook": false,
              "skipped": false
            },
            {
              "title": "4DWIDAY",
              "fullTitle": "Check Container Connect 4DWIDAY",
              "timedOut": null,
              "duration": 10368,
              "state": "passed",
              "speed": "slow",
              "pass": true,
              "fail": false,
              "pending": false,
              "context": null,
              "code": "cy.visit(\"https://chat.daisi.app\");\ncy.get(\"#input-email-for-credentials-provider\").type(el.email);\ncy.get(\"#input-password-for-credentials-provider\").type(el.password);\ncy.get(\"button\").click().url().should(\"include\", \"/\");\nif (cy.contains(\".text-lg\", \"Connected\", {\n  timeout: 60000\n})) it(\"connect\");else it(\"disconnect\");\ncy.get(\".box.cursor-pointer.relative.flex.justify-between.items-center.px-3.py-3.mt-2.z-0\").first().click();\ncy.wait(3000);\ncy.get(\".px-1.py-1.mb-1.self-start.text-gray-900.break-words.whitespace-pre-wrap\", {\n  timeout: 3000\n}).should(\"contain\", \"pong\");\ncy.wait(2000);",
              "err": {},
              "uuid": "29194108-4648-4f32-a141-80edb2e8785e",
              "parentUUID": "9232b7f7-06bf-4c67-b343-09a93c0ffbad",
              "isHook": false,
              "skipped": false
            },
            {
              "title": "5DWIDAY",
              "fullTitle": "Check Container Connect 5DWIDAY",
              "timedOut": null,
              "duration": 10163,
              "state": "passed",
              "speed": "slow",
              "pass": true,
              "fail": false,
              "pending": false,
              "context": null,
              "code": "cy.visit(\"https://chat.daisi.app\");\ncy.get(\"#input-email-for-credentials-provider\").type(el.email);\ncy.get(\"#input-password-for-credentials-provider\").type(el.password);\ncy.get(\"button\").click().url().should(\"include\", \"/\");\nif (cy.contains(\".text-lg\", \"Connected\", {\n  timeout: 60000\n})) it(\"connect\");else it(\"disconnect\");\ncy.get(\".box.cursor-pointer.relative.flex.justify-between.items-center.px-3.py-3.mt-2.z-0\").first().click();\ncy.wait(3000);\ncy.get(\".px-1.py-1.mb-1.self-start.text-gray-900.break-words.whitespace-pre-wrap\", {\n  timeout: 3000\n}).should(\"contain\", \"pong\");\ncy.wait(2000);",
              "err": {},
              "uuid": "a7cc0e51-8796-465a-8927-8f0ceac551ad",
              "parentUUID": "9232b7f7-06bf-4c67-b343-09a93c0ffbad",
              "isHook": false,
              "skipped": false
            },
            {
              "title": "6DWIDAY",
              "fullTitle": "Check Container Connect 6DWIDAY",
              "timedOut": null,
              "duration": 9837,
              "state": "passed",
              "speed": "medium",
              "pass": true,
              "fail": false,
              "pending": false,
              "context": null,
              "code": "cy.visit(\"https://chat.daisi.app\");\ncy.get(\"#input-email-for-credentials-provider\").type(el.email);\ncy.get(\"#input-password-for-credentials-provider\").type(el.password);\ncy.get(\"button\").click().url().should(\"include\", \"/\");\nif (cy.contains(\".text-lg\", \"Connected\", {\n  timeout: 60000\n})) it(\"connect\");else it(\"disconnect\");\ncy.get(\".box.cursor-pointer.relative.flex.justify-between.items-center.px-3.py-3.mt-2.z-0\").first().click();\ncy.wait(3000);\ncy.get(\".px-1.py-1.mb-1.self-start.text-gray-900.break-words.whitespace-pre-wrap\", {\n  timeout: 3000\n}).should(\"contain\", \"pong\");\ncy.wait(2000);",
              "err": {},
              "uuid": "31bee6d5-2490-41fb-9438-71e697d24c63",
              "parentUUID": "9232b7f7-06bf-4c67-b343-09a93c0ffbad",
              "isHook": false,
              "skipped": false
            },
            {
              "title": "7DWIDAY",
              "fullTitle": "Check Container Connect 7DWIDAY",
              "timedOut": null,
              "duration": 11455,
              "state": "failed",
              "speed": null,
              "pass": false,
              "fail": true,
              "pending": false,
              "context": "{\n  \"title\": \"cypress-mochawesome-reporter-screenshots\",\n  \"value\": [\n    [\n      {\n        \"title\": \"Failed screenshot\",\n        \"value\": \"\\\\daisi-app-test\\\\TestContainer\\\\test_connect_container.cy.js\\\\Check Container Connect -- 7DWIDAY (failed).png\"\n      }\n    ]\n  ]\n}",
              "code": "cy.visit(\"https://chat.daisi.app\");\ncy.get(\"#input-email-for-credentials-provider\").type(el.email);\ncy.get(\"#input-password-for-credentials-provider\").type(el.password);\ncy.get(\"button\").click().url().should(\"include\", \"/\");\nif (cy.contains(\".text-lg\", \"Connected\", {\n  timeout: 60000\n})) it(\"connect\");else it(\"disconnect\");\ncy.get(\".box.cursor-pointer.relative.flex.justify-between.items-center.px-3.py-3.mt-2.z-0\").first().click();\ncy.wait(3000);\ncy.get(\".px-1.py-1.mb-1.self-start.text-gray-900.break-words.whitespace-pre-wrap\", {\n  timeout: 3000\n}).should(\"contain\", \"pong\");\ncy.wait(2000);",
              "err": {
                "message": "AssertionError: Timed out retrying after 3000ms: expected '[ <div.px-1.py-1.mb-1.self-start.text-gray-900.break-words.whitespace-pre-wrap>, 42 more... ]' to contain 'pong'",
                "estack": "AssertionError: Timed out retrying after 3000ms: expected '[ <div.px-1.py-1.mb-1.self-start.text-gray-900.break-words.whitespace-pre-wrap>, 42 more... ]' to contain 'pong'\n    at Context.eval (webpack:///./cypress/e2e/daisi-app-test/TestContainer/test_connect_container.cy.js:95:8)",
                "diff": null
              },
              "uuid": "d9c8db4e-ddfd-43e2-bf7c-fad5ddd49e36",
              "parentUUID": "9232b7f7-06bf-4c67-b343-09a93c0ffbad",
              "isHook": false,
              "skipped": false
            },
            {
              "title": "9DWIDAY",
              "fullTitle": "Check Container Connect 9DWIDAY",
              "timedOut": null,
              "duration": 9693,
              "state": "passed",
              "speed": "medium",
              "pass": true,
              "fail": false,
              "pending": false,
              "context": null,
              "code": "cy.visit(\"https://chat.daisi.app\");\ncy.get(\"#input-email-for-credentials-provider\").type(el.email);\ncy.get(\"#input-password-for-credentials-provider\").type(el.password);\ncy.get(\"button\").click().url().should(\"include\", \"/\");\nif (cy.contains(\".text-lg\", \"Connected\", {\n  timeout: 60000\n})) it(\"connect\");else it(\"disconnect\");\ncy.get(\".box.cursor-pointer.relative.flex.justify-between.items-center.px-3.py-3.mt-2.z-0\").first().click();\ncy.wait(3000);\ncy.get(\".px-1.py-1.mb-1.self-start.text-gray-900.break-words.whitespace-pre-wrap\", {\n  timeout: 3000\n}).should(\"contain\", \"pong\");\ncy.wait(2000);",
              "err": {},
              "uuid": "171452e2-11fd-4518-8bcc-ede9f60121ae",
              "parentUUID": "9232b7f7-06bf-4c67-b343-09a93c0ffbad",
              "isHook": false,
              "skipped": false
            },
            {
              "title": "DWIDAY",
              "fullTitle": "Check Container Connect DWIDAY",
              "timedOut": null,
              "duration": 9567,
              "state": "passed",
              "speed": "medium",
              "pass": true,
              "fail": false,
              "pending": false,
              "context": null,
              "code": "cy.visit(\"https://chat.daisi.app\");\ncy.get(\"#input-email-for-credentials-provider\").type(el.email);\ncy.get(\"#input-password-for-credentials-provider\").type(el.password);\ncy.get(\"button\").click().url().should(\"include\", \"/\");\nif (cy.contains(\".text-lg\", \"Connected\", {\n  timeout: 60000\n})) it(\"connect\");else it(\"disconnect\");\ncy.get(\".box.cursor-pointer.relative.flex.justify-between.items-center.px-3.py-3.mt-2.z-0\").first().click();\ncy.wait(3000);\ncy.get(\".px-1.py-1.mb-1.self-start.text-gray-900.break-words.whitespace-pre-wrap\", {\n  timeout: 3000\n}).should(\"contain\", \"pong\");\ncy.wait(2000);",
              "err": {},
              "uuid": "98822f46-4c47-4b26-82e0-e56219b3ab60",
              "parentUUID": "9232b7f7-06bf-4c67-b343-09a93c0ffbad",
              "isHook": false,
              "skipped": false
            },
            {
              "title": "12DWIDAY",
              "fullTitle": "Check Container Connect 12DWIDAY",
              "timedOut": null,
              "duration": 9536,
              "state": "passed",
              "speed": "medium",
              "pass": true,
              "fail": false,
              "pending": false,
              "context": null,
              "code": "cy.visit(\"https://chat.daisi.app\");\ncy.get(\"#input-email-for-credentials-provider\").type(el.email);\ncy.get(\"#input-password-for-credentials-provider\").type(el.password);\ncy.get(\"button\").click().url().should(\"include\", \"/\");\nif (cy.contains(\".text-lg\", \"Connected\", {\n  timeout: 60000\n})) it(\"connect\");else it(\"disconnect\");\ncy.get(\".box.cursor-pointer.relative.flex.justify-between.items-center.px-3.py-3.mt-2.z-0\").first().click();\ncy.wait(3000);\ncy.get(\".px-1.py-1.mb-1.self-start.text-gray-900.break-words.whitespace-pre-wrap\", {\n  timeout: 3000\n}).should(\"contain\", \"pong\");\ncy.wait(2000);",
              "err": {},
              "uuid": "f0588907-122f-4879-9edd-ab3d6d53e881",
              "parentUUID": "9232b7f7-06bf-4c67-b343-09a93c0ffbad",
              "isHook": false,
              "skipped": false
            },
            {
              "title": "13DWIDAY",
              "fullTitle": "Check Container Connect 13DWIDAY",
              "timedOut": null,
              "duration": 9811,
              "state": "passed",
              "speed": "medium",
              "pass": true,
              "fail": false,
              "pending": false,
              "context": null,
              "code": "cy.visit(\"https://chat.daisi.app\");\ncy.get(\"#input-email-for-credentials-provider\").type(el.email);\ncy.get(\"#input-password-for-credentials-provider\").type(el.password);\ncy.get(\"button\").click().url().should(\"include\", \"/\");\nif (cy.contains(\".text-lg\", \"Connected\", {\n  timeout: 60000\n})) it(\"connect\");else it(\"disconnect\");\ncy.get(\".box.cursor-pointer.relative.flex.justify-between.items-center.px-3.py-3.mt-2.z-0\").first().click();\ncy.wait(3000);\ncy.get(\".px-1.py-1.mb-1.self-start.text-gray-900.break-words.whitespace-pre-wrap\", {\n  timeout: 3000\n}).should(\"contain\", \"pong\");\ncy.wait(2000);",
              "err": {},
              "uuid": "0a9cab71-bd10-43a5-a896-c0acbac4c919",
              "parentUUID": "9232b7f7-06bf-4c67-b343-09a93c0ffbad",
              "isHook": false,
              "skipped": false
            },
            {
              "title": "14DWIDAY",
              "fullTitle": "Check Container Connect 14DWIDAY",
              "timedOut": null,
              "duration": 10544,
              "state": "passed",
              "speed": "slow",
              "pass": true,
              "fail": false,
              "pending": false,
              "context": null,
              "code": "cy.visit(\"https://chat.daisi.app\");\ncy.get(\"#input-email-for-credentials-provider\").type(el.email);\ncy.get(\"#input-password-for-credentials-provider\").type(el.password);\ncy.get(\"button\").click().url().should(\"include\", \"/\");\nif (cy.contains(\".text-lg\", \"Connected\", {\n  timeout: 60000\n})) it(\"connect\");else it(\"disconnect\");\ncy.get(\".box.cursor-pointer.relative.flex.justify-between.items-center.px-3.py-3.mt-2.z-0\").first().click();\ncy.wait(3000);\ncy.get(\".px-1.py-1.mb-1.self-start.text-gray-900.break-words.whitespace-pre-wrap\", {\n  timeout: 3000\n}).should(\"contain\", \"pong\");\ncy.wait(2000);",
              "err": {},
              "uuid": "4002e723-c9cf-40b8-8e1f-4d4519a8d7cc",
              "parentUUID": "9232b7f7-06bf-4c67-b343-09a93c0ffbad",
              "isHook": false,
              "skipped": false
            },
            {
              "title": "15DWIDAY",
              "fullTitle": "Check Container Connect 15DWIDAY",
              "timedOut": null,
              "duration": 10046,
              "state": "passed",
              "speed": "slow",
              "pass": true,
              "fail": false,
              "pending": false,
              "context": null,
              "code": "cy.visit(\"https://chat.daisi.app\");\ncy.get(\"#input-email-for-credentials-provider\").type(el.email);\ncy.get(\"#input-password-for-credentials-provider\").type(el.password);\ncy.get(\"button\").click().url().should(\"include\", \"/\");\nif (cy.contains(\".text-lg\", \"Connected\", {\n  timeout: 60000\n})) it(\"connect\");else it(\"disconnect\");\ncy.get(\".box.cursor-pointer.relative.flex.justify-between.items-center.px-3.py-3.mt-2.z-0\").first().click();\ncy.wait(3000);\ncy.get(\".px-1.py-1.mb-1.self-start.text-gray-900.break-words.whitespace-pre-wrap\", {\n  timeout: 3000\n}).should(\"contain\", \"pong\");\ncy.wait(2000);",
              "err": {},
              "uuid": "18c8bee1-2a35-4f8f-8de5-1d180e0abda1",
              "parentUUID": "9232b7f7-06bf-4c67-b343-09a93c0ffbad",
              "isHook": false,
              "skipped": false
            },
            {
              "title": "16DWIDAY",
              "fullTitle": "Check Container Connect 16DWIDAY",
              "timedOut": null,
              "duration": 9685,
              "state": "passed",
              "speed": "medium",
              "pass": true,
              "fail": false,
              "pending": false,
              "context": null,
              "code": "cy.visit(\"https://chat.daisi.app\");\ncy.get(\"#input-email-for-credentials-provider\").type(el.email);\ncy.get(\"#input-password-for-credentials-provider\").type(el.password);\ncy.get(\"button\").click().url().should(\"include\", \"/\");\nif (cy.contains(\".text-lg\", \"Connected\", {\n  timeout: 60000\n})) it(\"connect\");else it(\"disconnect\");\ncy.get(\".box.cursor-pointer.relative.flex.justify-between.items-center.px-3.py-3.mt-2.z-0\").first().click();\ncy.wait(3000);\ncy.get(\".px-1.py-1.mb-1.self-start.text-gray-900.break-words.whitespace-pre-wrap\", {\n  timeout: 3000\n}).should(\"contain\", \"pong\");\ncy.wait(2000);",
              "err": {},
              "uuid": "304db6eb-9365-49f3-896d-593f55bcb153",
              "parentUUID": "9232b7f7-06bf-4c67-b343-09a93c0ffbad",
              "isHook": false,
              "skipped": false
            },
            {
              "title": "17DWIDAY",
              "fullTitle": "Check Container Connect 17DWIDAY",
              "timedOut": null,
              "duration": 11132,
              "state": "failed",
              "speed": null,
              "pass": false,
              "fail": true,
              "pending": false,
              "context": "{\n  \"title\": \"cypress-mochawesome-reporter-screenshots\",\n  \"value\": [\n    [\n      {\n        \"title\": \"Failed screenshot\",\n        \"value\": \"\\\\daisi-app-test\\\\TestContainer\\\\test_connect_container.cy.js\\\\Check Container Connect -- 17DWIDAY (failed).png\"\n      }\n    ]\n  ]\n}",
              "code": "cy.visit(\"https://chat.daisi.app\");\ncy.get(\"#input-email-for-credentials-provider\").type(el.email);\ncy.get(\"#input-password-for-credentials-provider\").type(el.password);\ncy.get(\"button\").click().url().should(\"include\", \"/\");\nif (cy.contains(\".text-lg\", \"Connected\", {\n  timeout: 60000\n})) it(\"connect\");else it(\"disconnect\");\ncy.get(\".box.cursor-pointer.relative.flex.justify-between.items-center.px-3.py-3.mt-2.z-0\").first().click();\ncy.wait(3000);\ncy.get(\".px-1.py-1.mb-1.self-start.text-gray-900.break-words.whitespace-pre-wrap\", {\n  timeout: 3000\n}).should(\"contain\", \"pong\");\ncy.wait(2000);",
              "err": {
                "message": "AssertionError: Timed out retrying after 3000ms: expected '[ <div.px-1.py-1.mb-1.self-start.text-gray-900.break-words.whitespace-pre-wrap>, 37 more... ]' to contain 'pong'",
                "estack": "AssertionError: Timed out retrying after 3000ms: expected '[ <div.px-1.py-1.mb-1.self-start.text-gray-900.break-words.whitespace-pre-wrap>, 37 more... ]' to contain 'pong'\n    at Context.eval (webpack:///./cypress/e2e/daisi-app-test/TestContainer/test_connect_container.cy.js:95:8)",
                "diff": null
              },
              "uuid": "9d2cb794-2235-4f1a-b567-064fcda55312",
              "parentUUID": "9232b7f7-06bf-4c67-b343-09a93c0ffbad",
              "isHook": false,
              "skipped": false
            },
            {
              "title": "18DWIDAY",
              "fullTitle": "Check Container Connect 18DWIDAY",
              "timedOut": null,
              "duration": 10059,
              "state": "passed",
              "speed": "slow",
              "pass": true,
              "fail": false,
              "pending": false,
              "context": null,
              "code": "cy.visit(\"https://chat.daisi.app\");\ncy.get(\"#input-email-for-credentials-provider\").type(el.email);\ncy.get(\"#input-password-for-credentials-provider\").type(el.password);\ncy.get(\"button\").click().url().should(\"include\", \"/\");\nif (cy.contains(\".text-lg\", \"Connected\", {\n  timeout: 60000\n})) it(\"connect\");else it(\"disconnect\");\ncy.get(\".box.cursor-pointer.relative.flex.justify-between.items-center.px-3.py-3.mt-2.z-0\").first().click();\ncy.wait(3000);\ncy.get(\".px-1.py-1.mb-1.self-start.text-gray-900.break-words.whitespace-pre-wrap\", {\n  timeout: 3000\n}).should(\"contain\", \"pong\");\ncy.wait(2000);",
              "err": {},
              "uuid": "af54cbcb-c0c5-43ef-8d45-4da21e92e724",
              "parentUUID": "9232b7f7-06bf-4c67-b343-09a93c0ffbad",
              "isHook": false,
              "skipped": false
            },
            {
              "title": "19DWIDAY",
              "fullTitle": "Check Container Connect 19DWIDAY",
              "timedOut": null,
              "duration": 10181,
              "state": "passed",
              "speed": "slow",
              "pass": true,
              "fail": false,
              "pending": false,
              "context": null,
              "code": "cy.visit(\"https://chat.daisi.app\");\ncy.get(\"#input-email-for-credentials-provider\").type(el.email);\ncy.get(\"#input-password-for-credentials-provider\").type(el.password);\ncy.get(\"button\").click().url().should(\"include\", \"/\");\nif (cy.contains(\".text-lg\", \"Connected\", {\n  timeout: 60000\n})) it(\"connect\");else it(\"disconnect\");\ncy.get(\".box.cursor-pointer.relative.flex.justify-between.items-center.px-3.py-3.mt-2.z-0\").first().click();\ncy.wait(3000);\ncy.get(\".px-1.py-1.mb-1.self-start.text-gray-900.break-words.whitespace-pre-wrap\", {\n  timeout: 3000\n}).should(\"contain\", \"pong\");\ncy.wait(2000);",
              "err": {},
              "uuid": "1f63841e-25c3-44c1-a0de-315b44d5b751",
              "parentUUID": "9232b7f7-06bf-4c67-b343-09a93c0ffbad",
              "isHook": false,
              "skipped": false
            },
            {
              "title": "20DWIDAY",
              "fullTitle": "Check Container Connect 20DWIDAY",
              "timedOut": null,
              "duration": 10753,
              "state": "passed",
              "speed": "slow",
              "pass": true,
              "fail": false,
              "pending": false,
              "context": null,
              "code": "cy.visit(\"https://chat.daisi.app\");\ncy.get(\"#input-email-for-credentials-provider\").type(el.email);\ncy.get(\"#input-password-for-credentials-provider\").type(el.password);\ncy.get(\"button\").click().url().should(\"include\", \"/\");\nif (cy.contains(\".text-lg\", \"Connected\", {\n  timeout: 60000\n})) it(\"connect\");else it(\"disconnect\");\ncy.get(\".box.cursor-pointer.relative.flex.justify-between.items-center.px-3.py-3.mt-2.z-0\").first().click();\ncy.wait(3000);\ncy.get(\".px-1.py-1.mb-1.self-start.text-gray-900.break-words.whitespace-pre-wrap\", {\n  timeout: 3000\n}).should(\"contain\", \"pong\");\ncy.wait(2000);",
              "err": {},
              "uuid": "44371ad5-f228-4a16-8057-627351cd6829",
              "parentUUID": "9232b7f7-06bf-4c67-b343-09a93c0ffbad",
              "isHook": false,
              "skipped": false
            },
            {
              "title": "21DWIDAY",
              "fullTitle": "Check Container Connect 21DWIDAY",
              "timedOut": null,
              "duration": 11252,
              "state": "failed",
              "speed": null,
              "pass": false,
              "fail": true,
              "pending": false,
              "context": "{\n  \"title\": \"cypress-mochawesome-reporter-screenshots\",\n  \"value\": [\n    [\n      {\n        \"title\": \"Failed screenshot\",\n        \"value\": \"\\\\daisi-app-test\\\\TestContainer\\\\test_connect_container.cy.js\\\\Check Container Connect -- 21DWIDAY (failed).png\"\n      }\n    ]\n  ]\n}",
              "code": "cy.visit(\"https://chat.daisi.app\");\ncy.get(\"#input-email-for-credentials-provider\").type(el.email);\ncy.get(\"#input-password-for-credentials-provider\").type(el.password);\ncy.get(\"button\").click().url().should(\"include\", \"/\");\nif (cy.contains(\".text-lg\", \"Connected\", {\n  timeout: 60000\n})) it(\"connect\");else it(\"disconnect\");\ncy.get(\".box.cursor-pointer.relative.flex.justify-between.items-center.px-3.py-3.mt-2.z-0\").first().click();\ncy.wait(3000);\ncy.get(\".px-1.py-1.mb-1.self-start.text-gray-900.break-words.whitespace-pre-wrap\", {\n  timeout: 3000\n}).should(\"contain\", \"pong\");\ncy.wait(2000);",
              "err": {
                "message": "AssertionError: Timed out retrying after 3000ms: expected '[ <div.px-1.py-1.mb-1.self-start.text-gray-900.break-words.whitespace-pre-wrap>, 38 more... ]' to contain 'pong'",
                "estack": "AssertionError: Timed out retrying after 3000ms: expected '[ <div.px-1.py-1.mb-1.self-start.text-gray-900.break-words.whitespace-pre-wrap>, 38 more... ]' to contain 'pong'\n    at Context.eval (webpack:///./cypress/e2e/daisi-app-test/TestContainer/test_connect_container.cy.js:95:8)",
                "diff": null
              },
              "uuid": "42ee0402-9244-49c9-ac06-7fd5d9fcd6ce",
              "parentUUID": "9232b7f7-06bf-4c67-b343-09a93c0ffbad",
              "isHook": false,
              "skipped": false
            },
            {
              "title": "22DWIDAY",
              "fullTitle": "Check Container Connect 22DWIDAY",
              "timedOut": null,
              "duration": 13124,
              "state": "failed",
              "speed": null,
              "pass": false,
              "fail": true,
              "pending": false,
              "context": "{\n  \"title\": \"cypress-mochawesome-reporter-screenshots\",\n  \"value\": [\n    [\n      {\n        \"title\": \"Failed screenshot\",\n        \"value\": \"\\\\daisi-app-test\\\\TestContainer\\\\test_connect_container.cy.js\\\\Check Container Connect -- 22DWIDAY (failed).png\"\n      }\n    ]\n  ]\n}",
              "code": "cy.visit(\"https://chat.daisi.app\");\ncy.get(\"#input-email-for-credentials-provider\").type(el.email);\ncy.get(\"#input-password-for-credentials-provider\").type(el.password);\ncy.get(\"button\").click().url().should(\"include\", \"/\");\nif (cy.contains(\".text-lg\", \"Connected\", {\n  timeout: 60000\n})) it(\"connect\");else it(\"disconnect\");\ncy.get(\".box.cursor-pointer.relative.flex.justify-between.items-center.px-3.py-3.mt-2.z-0\").first().click();\ncy.wait(3000);\ncy.get(\".px-1.py-1.mb-1.self-start.text-gray-900.break-words.whitespace-pre-wrap\", {\n  timeout: 3000\n}).should(\"contain\", \"pong\");\ncy.wait(2000);",
              "err": {
                "message": "AssertionError: Timed out retrying after 3000ms: expected '[ <div.px-1.py-1.mb-1.self-start.text-gray-900.break-words.whitespace-pre-wrap>, 30 more... ]' to contain 'pong'",
                "estack": "AssertionError: Timed out retrying after 3000ms: expected '[ <div.px-1.py-1.mb-1.self-start.text-gray-900.break-words.whitespace-pre-wrap>, 30 more... ]' to contain 'pong'\n    at Context.eval (webpack:///./cypress/e2e/daisi-app-test/TestContainer/test_connect_container.cy.js:95:8)",
                "diff": null
              },
              "uuid": "7bc8d1c8-10df-4057-a963-6420a85d49e7",
              "parentUUID": "9232b7f7-06bf-4c67-b343-09a93c0ffbad",
              "isHook": false,
              "skipped": false
            },
            {
              "title": "23DWIDAY",
              "fullTitle": "Check Container Connect 23DWIDAY",
              "timedOut": null,
              "duration": 11973,
              "state": "passed",
              "speed": "slow",
              "pass": true,
              "fail": false,
              "pending": false,
              "context": null,
[...]
              "isHook": false,
              "skipped": false
            },
            {
              "title": "42DWIDAY",
              "fullTitle": "Check Container Connect 42DWIDAY",
              "timedOut": null,
              "duration": 11570,
              "state": "passed",
              "speed": "slow",
              "pass": true,
              "fail": false,
              "pending": false,
              "context": null,
              "code": "cy.visit(\"https://chat.daisi.app\");\ncy.get(\"#input-email-for-credentials-provider\").type(el.email);\ncy.get(\"#input-password-for-credentials-provider\").type(el.password);\ncy.get(\"button\").click().url().should(\"include\", \"/\");\nif (cy.contains(\".text-lg\", \"Connected\", {\n  timeout: 60000\n})) it(\"connect\");else it(\"disconnect\");\ncy.get(\".box.cursor-pointer.relative.flex.justify-between.items-center.px-3.py-3.mt-2.z-0\").first().click();\ncy.wait(3000);\ncy.get(\".px-1.py-1.mb-1.self-start.text-gray-900.break-words.whitespace-pre-wrap\", {\n  timeout: 3000\n}).should(\"contain\", \"pong\");\ncy.wait(2000);",
              "err": {},
              "uuid": "85cd82bc-834b-455b-9f39-39dfa4e4c912",
              "parentUUID": "9232b7f7-06bf-4c67-b343-09a93c0ffbad",
              "isHook": false,
              "skipped": false
            },
            {
              "title": "43DWIDAY",
              "fullTitle": "Check Container Connect 43DWIDAY",
              "timedOut": null,
              "duration": 8439,
              "state": "failed",
              "speed": null,
              "pass": false,
              "fail": true,
              "pending": false,
              "context": "{\n  \"title\": \"cypress-mochawesome-reporter-screenshots\",\n  \"value\": [\n    [\n      {\n        \"title\": \"Failed screenshot\",\n        \"value\": \"\\\\daisi-app-test\\\\TestContainer\\\\test_connect_container.cy.js\\\\Check Container Connect -- 43DWIDAY (failed).png\"\n      }\n    ]\n  ]\n}",
              "code": "cy.visit(\"https://chat.daisi.app\");\ncy.get(\"#input-email-for-credentials-provider\").type(el.email);\ncy.get(\"#input-password-for-credentials-provider\").type(el.password);\ncy.get(\"button\").click().url().should(\"include\", \"/\");\nif (cy.contains(\".text-lg\", \"Connected\", {\n  timeout: 60000\n})) it(\"connect\");else it(\"disconnect\");\ncy.get(\".box.cursor-pointer.relative.flex.justify-between.items-center.px-3.py-3.mt-2.z-0\").first().click();\ncy.wait(3000);\ncy.get(\".px-1.py-1.mb-1.self-start.text-gray-900.break-words.whitespace-pre-wrap\", {\n  timeout: 3000\n}).should(\"contain\", \"pong\");\ncy.wait(2000);",
              "err": {
                "message": "AssertionError: Timed out retrying after 4000ms: Expected to find element: `.box.cursor-pointer.relative.flex.justify-between.items-center.px-3.py-3.mt-2.z-0`, but never found it.",
                "estack": "AssertionError: Timed out retrying after 4000ms: Expected to find element: `.box.cursor-pointer.relative.flex.justify-between.items-center.px-3.py-3.mt-2.z-0`, but never found it.\n    at Context.eval (webpack:///./cypress/e2e/daisi-app-test/TestContainer/test_connect_container.cy.js:86:9)",
                "diff": null
              },
              "uuid": "f8c3d821-374f-47e7-93de-e6f3245ed5a5",
              "parentUUID": "9232b7f7-06bf-4c67-b343-09a93c0ffbad",
              "isHook": false,
              "skipped": false
            },
            {
              "title": "44DWIDAY",
              "fullTitle": "Check Container Connect 44DWIDAY",
              "timedOut": null,
              "duration": 10302,
              "state": "passed",
              "speed": "slow",
              "pass": true,
              "fail": false,
              "pending": false,
              "context": null,
              "code": "cy.visit(\"https://chat.daisi.app\");\ncy.get(\"#input-email-for-credentials-provider\").type(el.email);\ncy.get(\"#input-password-for-credentials-provider\").type(el.password);\ncy.get(\"button\").click().url().should(\"include\", \"/\");\nif (cy.contains(\".text-lg\", \"Connected\", {\n  timeout: 60000\n})) it(\"connect\");else it(\"disconnect\");\ncy.get(\".box.cursor-pointer.relative.flex.justify-between.items-center.px-3.py-3.mt-2.z-0\").first().click();\ncy.wait(3000);\ncy.get(\".px-1.py-1.mb-1.self-start.text-gray-900.break-words.whitespace-pre-wrap\", {\n  timeout: 3000\n}).should(\"contain\", \"pong\");\ncy.wait(2000);",
              "err": {},
              "uuid": "98498bc1-2a7b-4157-b36d-f64787d28500",
              "parentUUID": "9232b7f7-06bf-4c67-b343-09a93c0ffbad",
              "isHook": false,
              "skipped": false
            },
            {
              "title": "45DWIDAY",
              "fullTitle": "Check Container Connect 45DWIDAY",
              "timedOut": null,
              "duration": 13996,
              "state": "passed",
              "speed": "slow",
              "pass": true,
              "fail": false,
              "pending": false,
              "context": null,
              "code": "cy.visit(\"https://chat.daisi.app\");\ncy.get(\"#input-email-for-credentials-provider\").type(el.email);\ncy.get(\"#input-password-for-credentials-provider\").type(el.password);\ncy.get(\"button\").click().url().should(\"include\", \"/\");\nif (cy.contains(\".text-lg\", \"Connected\", {\n  timeout: 60000\n})) it(\"connect\");else it(\"disconnect\");\ncy.get(\".box.cursor-pointer.relative.flex.justify-between.items-center.px-3.py-3.mt-2.z-0\").first().click();\ncy.wait(3000);\ncy.get(\".px-1.py-1.mb-1.self-start.text-gray-900.break-words.whitespace-pre-wrap\", {\n  timeout: 3000\n}).should(\"contain\", \"pong\");\ncy.wait(2000);",
              "err": {},
              "uuid": "78cea8c1-2099-4cb7-9300-443858cd9442",
              "parentUUID": "9232b7f7-06bf-4c67-b343-09a93c0ffbad",
              "isHook": false,
              "skipped": false
            },
            {
              "title": "46DWIDAY",
              "fullTitle": "Check Container Connect 46DWIDAY",
              "timedOut": null,
              "duration": 12622,
              "state": "passed",
              "speed": "slow",
              "pass": true,
              "fail": false,
              "pending": false,
              "context": null,
              "code": "cy.visit(\"https://chat.daisi.app\");\ncy.get(\"#input-email-for-credentials-provider\").type(el.email);\ncy.get(\"#input-password-for-credentials-provider\").type(el.password);\ncy.get(\"button\").click().url().should(\"include\", \"/\");\nif (cy.contains(\".text-lg\", \"Connected\", {\n  timeout: 60000\n})) it(\"connect\");else it(\"disconnect\");\ncy.get(\".box.cursor-pointer.relative.flex.justify-between.items-center.px-3.py-3.mt-2.z-0\").first().click();\ncy.wait(3000);\ncy.get(\".px-1.py-1.mb-1.self-start.text-gray-900.break-words.whitespace-pre-wrap\", {\n  timeout: 3000\n}).should(\"contain\", \"pong\");\ncy.wait(2000);",
              "err": {},
              "uuid": "edeb153c-530e-48c7-a143-270ddc8464a7",
              "parentUUID": "9232b7f7-06bf-4c67-b343-09a93c0ffbad",
              "isHook": false,
              "skipped": false
            },
            {
              "title": "47DWIDAY",
              "fullTitle": "Check Container Connect 47DWIDAY",
              "timedOut": null,
              "duration": 12258,
              "state": "failed",
              "speed": null,
              "pass": false,
              "fail": true,
              "pending": false,
              "context": "{\n  \"title\": \"cypress-mochawesome-reporter-screenshots\",\n  \"value\": [\n    [\n      {\n        \"title\": \"Failed screenshot\",\n        \"value\": \"\\\\daisi-app-test\\\\TestContainer\\\\test_connect_container.cy.js\\\\Check Container Connect -- 47DWIDAY (failed).png\"\n      }\n    ]\n  ]\n}",
              "code": "cy.visit(\"https://chat.daisi.app\");\ncy.get(\"#input-email-for-credentials-provider\").type(el.email);\ncy.get(\"#input-password-for-credentials-provider\").type(el.password);\ncy.get(\"button\").click().url().should(\"include\", \"/\");\nif (cy.contains(\".text-lg\", \"Connected\", {\n  timeout: 60000\n})) it(\"connect\");else it(\"disconnect\");\ncy.get(\".box.cursor-pointer.relative.flex.justify-between.items-center.px-3.py-3.mt-2.z-0\").first().click();\ncy.wait(3000);\ncy.get(\".px-1.py-1.mb-1.self-start.text-gray-900.break-words.whitespace-pre-wrap\", {\n  timeout: 3000\n}).should(\"contain\", \"pong\");\ncy.wait(2000);",
              "err": {
                "message": "AssertionError: Timed out retrying after 3000ms: expected '[ <div.px-1.py-1.mb-1.self-start.text-gray-900.break-words.whitespace-pre-wrap>, 4 more... ]' to contain 'pong'",
                "estack": "AssertionError: Timed out retrying after 3000ms: expected '[ <div.px-1.py-1.mb-1.self-start.text-gray-900.break-words.whitespace-pre-wrap>, 4 more... ]' to contain 'pong'\n    at Context.eval (webpack:///./cypress/e2e/daisi-app-test/TestContainer/test_connect_container.cy.js:95:8)",
                "diff": null
              },
              "uuid": "293f13e6-02a7-4aaf-b4c4-0c4ca9e70140",
              "parentUUID": "9232b7f7-06bf-4c67-b343-09a93c0ffbad",
              "isHook": false,
              "skipped": false
            },
            {
              "title": "48DWIDAY",
              "fullTitle": "Check Container Connect 48DWIDAY",
              "timedOut": null,
              "duration": 10973,
              "state": "passed",
              "speed": "slow",
              "pass": true,
              "fail": false,
              "pending": false,
              "context": null,
              "code": "cy.visit(\"https://chat.daisi.app\");\ncy.get(\"#input-email-for-credentials-provider\").type(el.email);\ncy.get(\"#input-password-for-credentials-provider\").type(el.password);\ncy.get(\"button\").click().url().should(\"include\", \"/\");\nif (cy.contains(\".text-lg\", \"Connected\", {\n  timeout: 60000\n})) it(\"connect\");else it(\"disconnect\");\ncy.get(\".box.cursor-pointer.relative.flex.justify-between.items-center.px-3.py-3.mt-2.z-0\").first().click();\ncy.wait(3000);\ncy.get(\".px-1.py-1.mb-1.self-start.text-gray-900.break-words.whitespace-pre-wrap\", {\n  timeout: 3000\n}).should(\"contain\", \"pong\");\ncy.wait(2000);",
              "err": {},
              "uuid": "7cfc28bd-6b9f-43d1-bda2-bb2a89b22b07",
              "parentUUID": "9232b7f7-06bf-4c67-b343-09a93c0ffbad",
              "isHook": false,
              "skipped": false
            },
            {
              "title": "49DWIDAY",
              "fullTitle": "Check Container Connect 49DWIDAY",
              "timedOut": null,
              "duration": 10414,
              "state": "passed",
              "speed": "slow",
              "pass": true,
              "fail": false,
              "pending": false,
              "context": null,
              "code": "cy.visit(\"https://chat.daisi.app\");\ncy.get(\"#input-email-for-credentials-provider\").type(el.email);\ncy.get(\"#input-password-for-credentials-provider\").type(el.password);\ncy.get(\"button\").click().url().should(\"include\", \"/\");\nif (cy.contains(\".text-lg\", \"Connected\", {\n  timeout: 60000\n})) it(\"connect\");else it(\"disconnect\");\ncy.get(\".box.cursor-pointer.relative.flex.justify-between.items-center.px-3.py-3.mt-2.z-0\").first().click();\ncy.wait(3000);\ncy.get(\".px-1.py-1.mb-1.self-start.text-gray-900.break-words.whitespace-pre-wrap\", {\n  timeout: 3000\n}).should(\"contain\", \"pong\");\ncy.wait(2000);",
              "err": {},
              "uuid": "a437aa43-9ea4-459d-ba61-a419d62136e3",
              "parentUUID": "9232b7f7-06bf-4c67-b343-09a93c0ffbad",
              "isHook": false,
              "skipped": false
            },
            {
              "title": "50DWIDAY",
              "fullTitle": "Check Container Connect 50DWIDAY",
              "timedOut": null,
              "duration": 12256,
              "state": "failed",
              "speed": null,
              "pass": false,
              "fail": true,
              "pending": false,
              "context": "{\n  \"title\": \"cypress-mochawesome-reporter-screenshots\",\n  \"value\": [\n    [\n      {\n        \"title\": \"Failed screenshot\",\n        \"value\": \"\\\\daisi-app-test\\\\TestContainer\\\\test_connect_container.cy.js\\\\Check Container Connect -- 50DWIDAY (failed).png\"\n      }\n    ]\n  ]\n}",
              "code": "cy.visit(\"https://chat.daisi.app\");\ncy.get(\"#input-email-for-credentials-provider\").type(el.email);\ncy.get(\"#input-password-for-credentials-provider\").type(el.password);\ncy.get(\"button\").click().url().should(\"include\", \"/\");\nif (cy.contains(\".text-lg\", \"Connected\", {\n  timeout: 60000\n})) it(\"connect\");else it(\"disconnect\");\ncy.get(\".box.cursor-pointer.relative.flex.justify-between.items-center.px-3.py-3.mt-2.z-0\").first().click();\ncy.wait(3000);\ncy.get(\".px-1.py-1.mb-1.self-start.text-gray-900.break-words.whitespace-pre-wrap\", {\n  timeout: 3000\n}).should(\"contain\", \"pong\");\ncy.wait(2000);",
              "err": {
                "message": "AssertionError: Timed out retrying after 3000ms: expected '[ <div.px-1.py-1.mb-1.self-start.text-gray-900.break-words.whitespace-pre-wrap>, 16 more... ]' to contain 'pong'",
                "estack": "AssertionError: Timed out retrying after 3000ms: expected '[ <div.px-1.py-1.mb-1.self-start.text-gray-900.break-words.whitespace-pre-wrap>, 16 more... ]' to contain 'pong'\n    at Context.eval (webpack:///./cypress/e2e/daisi-app-test/TestContainer/test_connect_container.cy.js:95:8)",
                "diff": null
              },
              "uuid": "87bcf8fc-f2cf-46c0-b598-3f2b55a0c80d",
              "parentUUID": "9232b7f7-06bf-4c67-b343-09a93c0ffbad",
              "isHook": false,
              "skipped": false
            },
            {
              "title": "51DWIDAY",
              "fullTitle": "Check Container Connect 51DWIDAY",
              "timedOut": null,
              "duration": 11512,
              "state": "passed",
              "speed": "slow",
              "pass": true,
              "fail": false,
              "pending": false,
              "context": null,
              "code": "cy.visit(\"https://chat.daisi.app\");\ncy.get(\"#input-email-for-credentials-provider\").type(el.email);\ncy.get(\"#input-password-for-credentials-provider\").type(el.password);\ncy.get(\"button\").click().url().should(\"include\", \"/\");\nif (cy.contains(\".text-lg\", \"Connected\", {\n  timeout: 60000\n})) it(\"connect\");else it(\"disconnect\");\ncy.get(\".box.cursor-pointer.relative.flex.justify-between.items-center.px-3.py-3.mt-2.z-0\").first().click();\ncy.wait(3000);\ncy.get(\".px-1.py-1.mb-1.self-start.text-gray-900.break-words.whitespace-pre-wrap\", {\n  timeout: 3000\n}).should(\"contain\", \"pong\");\ncy.wait(2000);",
              "err": {},
              "uuid": "d00225f8-b604-4ed8-bec9-f276f9300216",
              "parentUUID": "9232b7f7-06bf-4c67-b343-09a93c0ffbad",
              "isHook": false,
              "skipped": false
            },
            {
              "title": "51DWIDAY",
              "fullTitle": "Check Container Connect 51DWIDAY",
              "timedOut": null,
              "duration": 11586,
              "state": "passed",
              "speed": "slow",
              "pass": true,
              "fail": false,
              "pending": false,
              "context": null,
              "code": "cy.visit(\"https://chat.daisi.app\");\ncy.get(\"#input-email-for-credentials-provider\").type(el.email);\ncy.get(\"#input-password-for-credentials-provider\").type(el.password);\ncy.get(\"button\").click().url().should(\"include\", \"/\");\nif (cy.contains(\".text-lg\", \"Connected\", {\n  timeout: 60000\n})) it(\"connect\");else it(\"disconnect\");\ncy.get(\".box.cursor-pointer.relative.flex.justify-between.items-center.px-3.py-3.mt-2.z-0\").first().click();\ncy.wait(3000);\ncy.get(\".px-1.py-1.mb-1.self-start.text-gray-900.break-words.whitespace-pre-wrap\", {\n  timeout: 3000\n}).should(\"contain\", \"pong\");\ncy.wait(2000);",
              "err": {},
              "uuid": "2f2c5bc2-dc06-409f-9c1b-189e292b3e76",
              "parentUUID": "9232b7f7-06bf-4c67-b343-09a93c0ffbad",
              "isHook": false,
              "skipped": false
            }
          ],
          "suites": [],
          "passes": [
            "c454fdd3-2df3-492b-a36d-00c7cecd775a",
            "70229202-e7a9-4a57-99c5-4573fbd108e3",
            "29194108-4648-4f32-a141-80edb2e8785e",
            "a7cc0e51-8796-465a-8927-8f0ceac551ad",
            "31bee6d5-2490-41fb-9438-71e697d24c63",
            "171452e2-11fd-4518-8bcc-ede9f60121ae",
            "98822f46-4c47-4b26-82e0-e56219b3ab60",
            "f0588907-122f-4879-9edd-ab3d6d53e881",
            "0a9cab71-bd10-43a5-a896-c0acbac4c919",
            "4002e723-c9cf-40b8-8e1f-4d4519a8d7cc",
            "18c8bee1-2a35-4f8f-8de5-1d180e0abda1",
            "304db6eb-9365-49f3-896d-593f55bcb153",
            "af54cbcb-c0c5-43ef-8d45-4da21e92e724",
            "1f63841e-25c3-44c1-a0de-315b44d5b751",
            "44371ad5-f228-4a16-8057-627351cd6829",
            "43cdcd05-0de4-4fe1-955d-432d6853be42",
            "d609321b-d108-4c85-b64c-62a02f0a38c7",
            "b252d93e-f18e-445f-8ebd-378bcefc66a6",
            "8a37a77e-396c-4686-9bc6-b73531a51b33",
            "c301f810-aa98-451c-a8d0-8eb701f1894d",
            "9768812f-d4c7-40cc-b99e-0816dd6962b2",
            "eeb30d99-32af-4a47-b5cc-10337d988dc2",
            "7eabf861-9924-44aa-b6d8-e935804e961b",
            "b5fda731-42cf-4a7d-8dfa-ab9edc9964b3",
            "aa650ec7-81e4-47bc-8e4b-aa5ebe7837bc",
            "6be9b209-9fba-4ec7-afb1-ad831931def4",
            "85cd82bc-834b-455b-9f39-39dfa4e4c912",
            "98498bc1-2a7b-4157-b36d-f64787d28500",
            "78cea8c1-2099-4cb7-9300-443858cd9442",
            "edeb153c-530e-48c7-a143-270ddc8464a7",
            "7cfc28bd-6b9f-43d1-bda2-bb2a89b22b07",
            "a437aa43-9ea4-459d-ba61-a419d62136e3",
            "d00225f8-b604-4ed8-bec9-f276f9300216",
            "2f2c5bc2-dc06-409f-9c1b-189e292b3e76"
          ],
          "failures": [
            "d9c8db4e-ddfd-43e2-bf7c-fad5ddd49e36",
            "9d2cb794-2235-4f1a-b567-064fcda55312",
            "42ee0402-9244-49c9-ac06-7fd5d9fcd6ce",
            "7bc8d1c8-10df-4057-a963-6420a85d49e7",
            "248bd198-f22e-4390-a30a-2d4f1be17f72",
            "60aa5953-23cf-45b2-b0a7-ac6b44d47658",
            "88f38acf-d202-4405-a3bb-c4ed66bc2bc3",
            "a6afa8dc-c73d-451a-8529-03218c5fbbf5",
            "8370b48a-0bcd-46e9-9df6-fbceda9cd7c0",
            "58ecefc5-79b7-4b2a-b19e-7a283844c9b2",
            "d9562d0e-0b8e-4a8c-8980-0f600221090f",
            "f8c3d821-374f-47e7-93de-e6f3245ed5a5",
            "293f13e6-02a7-4aaf-b4c4-0c4ca9e70140",
            "87bcf8fc-f2cf-46c0-b598-3f2b55a0c80d"
          ],
          "pending": [],
          "skipped": [],
          "duration": 511143,
          "root": false,
          "rootEmpty": false,
          "_timeout": 2000
        }
      ],
      "passes": [],
      "failures": [],
      "pending": [],
      "skipped": [],
      "duration": 0,
      "root": true,
      "rootEmpty": true,
      "_timeout": 2000
    }
  ],
  "meta": {
    "mocha": {
      "version": "7.0.1"
    },
    "mochawesome": {
      "options": {
        "quiet": false,
        "reportFilename": "mochawesome",
        "saveHtml": false,
        "saveJson": true,
        "consoleReporter": "spec",
        "useInlineDiffs": false,
        "code": true
      },
      "version": "7.1.3"
    },
    "marge": {
      "options": {
        "reportDir": "cypress\\reports\\.jsons",
        "overwrite": false,
        "html": false,
        "json": true
      },
      "version": "6.2.0"
    }
  }
}